{"/home/enzo/Projet-Jarvis/frontend/src/App.js": {"path":"/home/enzo/Projet-Jarvis/frontend/src/App.js","statementMap":{"0":{"start":{"line":6,"column":33},"end":{"line":8,"column":1}},"1":{"start":{"line":7,"column":2},"end":{"line":7,"column":58}},"2":{"start":{"line":11,"column":24},"end":{"line":76,"column":1}},"3":{"start":{"line":12,"column":2},"end":{"line":75,"column":8}},"4":{"start":{"line":47,"column":10},"end":{"line":57,"column":12}},"5":{"start":{"line":79,"column":2},"end":{"line":87,"column":4}}},"fnMap":{"0":{"name":"(anonymous_0)","decl":{"start":{"line":6,"column":38},"end":{"line":6,"column":39}},"loc":{"start":{"line":7,"column":2},"end":{"line":7,"column":58}},"line":7},"1":{"name":"(anonymous_1)","decl":{"start":{"line":11,"column":24},"end":{"line":11,"column":25}},"loc":{"start":{"line":12,"column":2},"end":{"line":75,"column":8}},"line":12},"2":{"name":"(anonymous_2)","decl":{"start":{"line":46,"column":23},"end":{"line":46,"column":24}},"loc":{"start":{"line":47,"column":10},"end":{"line":57,"column":12}},"line":47},"3":{"name":"App","decl":{"start":{"line":78,"column":9},"end":{"line":78,"column":12}},"loc":{"start":{"line":78,"column":15},"end":{"line":88,"column":1}},"line":78}},"branchMap":{},"s":{"0":1,"1":1,"2":1,"3":2,"4":6,"5":4},"f":{"0":1,"1":2,"2":6,"3":4},"b":{},"_coverageSchema":"1a1c01bbd47fc00a2c39e90264f33305004495a9","hash":"f402074e2601167c4a1f71243b5d437e1eba2690"}
,"/home/enzo/Projet-Jarvis/frontend/src/index.js": {"path":"/home/enzo/Projet-Jarvis/frontend/src/index.js","statementMap":{"0":{"start":{"line":9,"column":13},"end":{"line":9,"column":65}},"1":{"start":{"line":12,"column":0},"end":{"line":16,"column":1}},"2":{"start":{"line":13,"column":2},"end":{"line":13,"column":57}},"3":{"start":{"line":14,"column":2},"end":{"line":14,"column":50}},"4":{"start":{"line":15,"column":2},"end":{"line":15,"column":75}},"5":{"start":{"line":18,"column":0},"end":{"line":22,"column":2}},"6":{"start":{"line":25,"column":24},"end":{"line":35,"column":1}},"7":{"start":{"line":26,"column":2},"end":{"line":34,"column":3}},"8":{"start":{"line":27,"column":4},"end":{"line":33,"column":7}},"9":{"start":{"line":28,"column":6},"end":{"line":28,"column":26}},"10":{"start":{"line":29,"column":6},"end":{"line":29,"column":26}},"11":{"start":{"line":30,"column":6},"end":{"line":30,"column":26}},"12":{"start":{"line":31,"column":6},"end":{"line":31,"column":26}},"13":{"start":{"line":32,"column":6},"end":{"line":32,"column":27}},"14":{"start":{"line":38,"column":0},"end":{"line":38,"column":29}}},"fnMap":{"0":{"name":"(anonymous_0)","decl":{"start":{"line":25,"column":24},"end":{"line":25,"column":25}},"loc":{"start":{"line":25,"column":41},"end":{"line":35,"column":1}},"line":25},"1":{"name":"(anonymous_1)","decl":{"start":{"line":27,"column":30},"end":{"line":27,"column":31}},"loc":{"start":{"line":27,"column":79},"end":{"line":33,"column":5}},"line":27}},"branchMap":{"0":{"loc":{"start":{"line":12,"column":0},"end":{"line":16,"column":1}},"type":"if","locations":[{"start":{"line":12,"column":0},"end":{"line":16,"column":1}},{"start":{},"end":{}}],"line":12},"1":{"loc":{"start":{"line":26,"column":2},"end":{"line":34,"column":3}},"type":"if","locations":[{"start":{"line":26,"column":2},"end":{"line":34,"column":3}},{"start":{},"end":{}}],"line":26},"2":{"loc":{"start":{"line":26,"column":6},"end":{"line":26,"column":52}},"type":"binary-expr","locations":[{"start":{"line":26,"column":6},"end":{"line":26,"column":17}},{"start":{"line":26,"column":21},"end":{"line":26,"column":52}}],"line":26}},"s":{"0":0,"1":0,"2":0,"3":0,"4":0,"5":0,"6":0,"7":0,"8":0,"9":0,"10":0,"11":0,"12":0,"13":0,"14":0},"f":{"0":0,"1":0},"b":{"0":[0,0],"1":[0,0],"2":[0,0]}}
,"/home/enzo/Projet-Jarvis/frontend/src/components/CyberpunkJarvisInterface.js": {"path":"/home/enzo/Projet-Jarvis/frontend/src/components/CyberpunkJarvisInterface.js","statementMap":{"0":{"start":{"line":5,"column":33},"end":{"line":1225,"column":1}},"1":{"start":{"line":6,"column":34},"end":{"line":6,"column":46}},"2":{"start":{"line":7,"column":42},"end":{"line":7,"column":54}},"3":{"start":{"line":8,"column":40},"end":{"line":8,"column":55}},"4":{"start":{"line":9,"column":40},"end":{"line":9,"column":55}},"5":{"start":{"line":10,"column":36},"end":{"line":10,"column":51}},"6":{"start":{"line":11,"column":38},"end":{"line":11,"column":53}},"7":{"start":{"line":12,"column":36},"end":{"line":12,"column":51}},"8":{"start":{"line":13,"column":48},"end":{"line":13,"column":66}},"9":{"start":{"line":14,"column":48},"end":{"line":14,"column":60}},"10":{"start":{"line":15,"column":54},"end":{"line":15,"column":65}},"11":{"start":{"line":16,"column":50},"end":{"line":16,"column":79}},"12":{"start":{"line":18,"column":25},"end":{"line":18,"column":37}},"13":{"start":{"line":19,"column":25},"end":{"line":19,"column":37}},"14":{"start":{"line":20,"column":19},"end":{"line":20,"column":31}},"15":{"start":{"line":21,"column":19},"end":{"line":21,"column":31}},"16":{"start":{"line":24,"column":23},"end":{"line":24,"column":79}},"17":{"start":{"line":26,"column":22},"end":{"line":26,"column":78}},"18":{"start":{"line":27,"column":18},"end":{"line":27,"column":100}},"19":{"start":{"line":30,"column":16},"end":{"line":30,"column":28}},"20":{"start":{"line":31,"column":44},"end":{"line":31,"column":59}},"21":{"start":{"line":34,"column":2},"end":{"line":42,"column":9}},"22":{"start":{"line":35,"column":4},"end":{"line":35,"column":21}},"23":{"start":{"line":36,"column":4},"end":{"line":36,"column":23}},"24":{"start":{"line":37,"column":21},"end":{"line":37,"column":55}},"25":{"start":{"line":38,"column":4},"end":{"line":41,"column":6}},"26":{"start":{"line":39,"column":6},"end":{"line":39,"column":30}},"27":{"start":{"line":40,"column":6},"end":{"line":40,"column":46}},"28":{"start":{"line":40,"column":12},"end":{"line":40,"column":35}},"29":{"start":{"line":44,"column":27},"end":{"line":83,"column":3}},"30":{"start":{"line":45,"column":4},"end":{"line":82,"column":5}},"31":{"start":{"line":46,"column":17},"end":{"line":46,"column":38}},"32":{"start":{"line":47,"column":6},"end":{"line":47,"column":25}},"33":{"start":{"line":49,"column":6},"end":{"line":51,"column":8}},"34":{"start":{"line":50,"column":8},"end":{"line":50,"column":31}},"35":{"start":{"line":52,"column":6},"end":{"line":56,"column":8}},"36":{"start":{"line":53,"column":8},"end":{"line":53,"column":32}},"37":{"start":{"line":55,"column":8},"end":{"line":55,"column":51}},"38":{"start":{"line":55,"column":25},"end":{"line":55,"column":43}},"39":{"start":{"line":57,"column":6},"end":{"line":59,"column":8}},"40":{"start":{"line":58,"column":8},"end":{"line":58,"column":32}},"41":{"start":{"line":60,"column":6},"end":{"line":79,"column":8}},"42":{"start":{"line":61,"column":8},"end":{"line":78,"column":9}},"43":{"start":{"line":62,"column":23},"end":{"line":62,"column":43}},"44":{"start":{"line":63,"column":10},"end":{"line":75,"column":11}},"45":{"start":{"line":64,"column":37},"end":{"line":69,"column":13}},"46":{"start":{"line":70,"column":12},"end":{"line":70,"column":61}},"47":{"start":{"line":70,"column":32},"end":{"line":70,"column":59}},"48":{"start":{"line":72,"column":12},"end":{"line":74,"column":13}},"49":{"start":{"line":73,"column":14},"end":{"line":73,"column":65}},"50":{"start":{"line":73,"column":31},"end":{"line":73,"column":58}},"51":{"start":{"line":77,"column":10},"end":{"line":77,"column":59}},"52":{"start":{"line":81,"column":6},"end":{"line":81,"column":43}},"53":{"start":{"line":85,"column":25},"end":{"line":103,"column":3}},"54":{"start":{"line":86,"column":4},"end":{"line":102,"column":5}},"55":{"start":{"line":87,"column":25},"end":{"line":87,"column":46}},"56":{"start":{"line":88,"column":17},"end":{"line":88,"column":59}},"57":{"start":{"line":88,"column":34},"end":{"line":88,"column":52}},"58":{"start":{"line":89,"column":23},"end":{"line":92,"column":8}},"59":{"start":{"line":93,"column":6},"end":{"line":93,"column":23}},"60":{"start":{"line":94,"column":6},"end":{"line":98,"column":7}},"61":{"start":{"line":95,"column":8},"end":{"line":95,"column":29}},"62":{"start":{"line":97,"column":8},"end":{"line":97,"column":50}},"63":{"start":{"line":100,"column":6},"end":{"line":100,"column":59}},"64":{"start":{"line":101,"column":6},"end":{"line":101,"column":28}},"65":{"start":{"line":106,"column":2},"end":{"line":223,"column":9}},"66":{"start":{"line":107,"column":27},"end":{"line":107,"column":31}},"67":{"start":{"line":108,"column":29},"end":{"line":108,"column":33}},"68":{"start":{"line":110,"column":4},"end":{"line":211,"column":5}},"69":{"start":{"line":111,"column":6},"end":{"line":111,"column":48}},"70":{"start":{"line":113,"column":25},"end":{"line":185,"column":7}},"71":{"start":{"line":114,"column":8},"end":{"line":114,"column":40}},"72":{"start":{"line":114,"column":33},"end":{"line":114,"column":40}},"73":{"start":{"line":116,"column":8},"end":{"line":184,"column":9}},"74":{"start":{"line":117,"column":28},"end":{"line":117,"column":56}},"75":{"start":{"line":118,"column":10},"end":{"line":118,"column":100}},"76":{"start":{"line":118,"column":74},"end":{"line":118,"column":97}},"77":{"start":{"line":121,"column":27},"end":{"line":126,"column":9}},"78":{"start":{"line":122,"column":10},"end":{"line":125,"column":55}},"79":{"start":{"line":129,"column":8},"end":{"line":171,"column":9}},"80":{"start":{"line":130,"column":10},"end":{"line":130,"column":86}},"81":{"start":{"line":133,"column":10},"end":{"line":137,"column":12}},"82":{"start":{"line":134,"column":12},"end":{"line":136,"column":51}},"83":{"start":{"line":140,"column":10},"end":{"line":147,"column":11}},"84":{"start":{"line":141,"column":12},"end":{"line":146,"column":14}},"85":{"start":{"line":142,"column":14},"end":{"line":145,"column":41}},"86":{"start":{"line":150,"column":10},"end":{"line":159,"column":11}},"87":{"start":{"line":151,"column":12},"end":{"line":158,"column":14}},"88":{"start":{"line":152,"column":14},"end":{"line":157,"column":15}},"89":{"start":{"line":162,"column":10},"end":{"line":168,"column":11}},"90":{"start":{"line":163,"column":12},"end":{"line":167,"column":14}},"91":{"start":{"line":164,"column":14},"end":{"line":166,"column":60}},"92":{"start":{"line":170,"column":10},"end":{"line":170,"column":109}},"93":{"start":{"line":170,"column":83},"end":{"line":170,"column":106}},"94":{"start":{"line":174,"column":31},"end":{"line":174,"column":55}},"95":{"start":{"line":176,"column":8},"end":{"line":178,"column":9}},"96":{"start":{"line":177,"column":10},"end":{"line":177,"column":97}},"97":{"start":{"line":180,"column":8},"end":{"line":180,"column":95}},"98":{"start":{"line":180,"column":69},"end":{"line":180,"column":92}},"99":{"start":{"line":181,"column":8},"end":{"line":181,"column":68}},"100":{"start":{"line":183,"column":10},"end":{"line":183,"column":70}},"101":{"start":{"line":188,"column":6},"end":{"line":210,"column":7}},"102":{"start":{"line":189,"column":8},"end":{"line":189,"column":21}},"103":{"start":{"line":192,"column":8},"end":{"line":194,"column":9}},"104":{"start":{"line":193,"column":10},"end":{"line":193,"column":56}},"105":{"start":{"line":197,"column":8},"end":{"line":202,"column":17}},"106":{"start":{"line":198,"column":10},"end":{"line":201,"column":11}},"107":{"start":{"line":199,"column":12},"end":{"line":199,"column":84}},"108":{"start":{"line":200,"column":12},"end":{"line":200,"column":35}},"109":{"start":{"line":205,"column":8},"end":{"line":205,"column":59}},"110":{"start":{"line":207,"column":8},"end":{"line":209,"column":9}},"111":{"start":{"line":208,"column":10},"end":{"line":208,"column":33}},"112":{"start":{"line":214,"column":4},"end":{"line":222,"column":6}},"113":{"start":{"line":215,"column":6},"end":{"line":215,"column":33}},"114":{"start":{"line":216,"column":6},"end":{"line":218,"column":7}},"115":{"start":{"line":217,"column":8},"end":{"line":217,"column":39}},"116":{"start":{"line":219,"column":6},"end":{"line":221,"column":7}},"117":{"start":{"line":220,"column":8},"end":{"line":220,"column":48}},"118":{"start":{"line":226,"column":2},"end":{"line":373,"column":9}},"119":{"start":{"line":228,"column":33},"end":{"line":235,"column":5}},"120":{"start":{"line":229,"column":6},"end":{"line":234,"column":7}},"121":{"start":{"line":230,"column":8},"end":{"line":230,"column":78}},"122":{"start":{"line":232,"column":8},"end":{"line":232,"column":73}},"123":{"start":{"line":233,"column":8},"end":{"line":233,"column":21}},"124":{"start":{"line":237,"column":4},"end":{"line":349,"column":5}},"125":{"start":{"line":238,"column":32},"end":{"line":238,"column":90}},"126":{"start":{"line":239,"column":6},"end":{"line":239,"column":55}},"127":{"start":{"line":242,"column":6},"end":{"line":242,"column":48}},"128":{"start":{"line":243,"column":6},"end":{"line":243,"column":51}},"129":{"start":{"line":244,"column":6},"end":{"line":244,"column":44}},"130":{"start":{"line":245,"column":6},"end":{"line":245,"column":49}},"131":{"start":{"line":247,"column":6},"end":{"line":250,"column":8}},"132":{"start":{"line":248,"column":8},"end":{"line":248,"column":68}},"133":{"start":{"line":249,"column":8},"end":{"line":249,"column":29}},"134":{"start":{"line":252,"column":6},"end":{"line":289,"column":8}},"135":{"start":{"line":253,"column":25},"end":{"line":253,"column":27}},"136":{"start":{"line":254,"column":32},"end":{"line":254,"column":34}},"137":{"start":{"line":256,"column":8},"end":{"line":262,"column":9}},"138":{"start":{"line":256,"column":21},"end":{"line":256,"column":22}},"139":{"start":{"line":257,"column":10},"end":{"line":261,"column":11}},"140":{"start":{"line":258,"column":12},"end":{"line":258,"column":57}},"141":{"start":{"line":260,"column":12},"end":{"line":260,"column":64}},"142":{"start":{"line":265,"column":8},"end":{"line":267,"column":9}},"143":{"start":{"line":266,"column":10},"end":{"line":266,"column":59}},"144":{"start":{"line":269,"column":8},"end":{"line":288,"column":9}},"145":{"start":{"line":270,"column":10},"end":{"line":270,"column":63}},"146":{"start":{"line":272,"column":10},"end":{"line":287,"column":11}},"147":{"start":{"line":274,"column":12},"end":{"line":274,"column":42}},"148":{"start":{"line":275,"column":12},"end":{"line":275,"column":34}},"149":{"start":{"line":276,"column":12},"end":{"line":276,"column":65}},"150":{"start":{"line":276,"column":29},"end":{"line":276,"column":58}},"151":{"start":{"line":279,"column":12},"end":{"line":279,"column":40}},"152":{"start":{"line":280,"column":12},"end":{"line":280,"column":42}},"153":{"start":{"line":281,"column":12},"end":{"line":281,"column":34}},"154":{"start":{"line":284,"column":12},"end":{"line":286,"column":13}},"155":{"start":{"line":285,"column":14},"end":{"line":285,"column":67}},"156":{"start":{"line":285,"column":31},"end":{"line":285,"column":60}},"157":{"start":{"line":291,"column":6},"end":{"line":318,"column":8}},"158":{"start":{"line":292,"column":8},"end":{"line":317,"column":9}},"159":{"start":{"line":293,"column":10},"end":{"line":293,"column":59}},"160":{"start":{"line":294,"column":10},"end":{"line":294,"column":32}},"161":{"start":{"line":297,"column":10},"end":{"line":300,"column":11}},"162":{"start":{"line":298,"column":12},"end":{"line":298,"column":50}},"163":{"start":{"line":299,"column":12},"end":{"line":299,"column":43}},"164":{"start":{"line":303,"column":10},"end":{"line":316,"column":11}},"165":{"start":{"line":304,"column":12},"end":{"line":315,"column":21}},"166":{"start":{"line":305,"column":14},"end":{"line":314,"column":15}},"167":{"start":{"line":306,"column":16},"end":{"line":306,"column":79}},"168":{"start":{"line":307,"column":16},"end":{"line":313,"column":17}},"169":{"start":{"line":308,"column":18},"end":{"line":310,"column":19}},"170":{"start":{"line":309,"column":20},"end":{"line":309,"column":51}},"171":{"start":{"line":312,"column":18},"end":{"line":312,"column":85}},"172":{"start":{"line":320,"column":6},"end":{"line":348,"column":8}},"173":{"start":{"line":321,"column":8},"end":{"line":347,"column":9}},"174":{"start":{"line":322,"column":10},"end":{"line":322,"column":73}},"175":{"start":{"line":323,"column":10},"end":{"line":323,"column":32}},"176":{"start":{"line":326,"column":10},"end":{"line":329,"column":11}},"177":{"start":{"line":327,"column":12},"end":{"line":327,"column":50}},"178":{"start":{"line":328,"column":12},"end":{"line":328,"column":43}},"179":{"start":{"line":332,"column":10},"end":{"line":346,"column":11}},"180":{"start":{"line":333,"column":12},"end":{"line":333,"column":105}},"181":{"start":{"line":334,"column":17},"end":{"line":346,"column":11}},"182":{"start":{"line":335,"column":12},"end":{"line":335,"column":75}},"183":{"start":{"line":336,"column":17},"end":{"line":346,"column":11}},"184":{"start":{"line":337,"column":12},"end":{"line":337,"column":100}},"185":{"start":{"line":339,"column":12},"end":{"line":341,"column":13}},"186":{"start":{"line":340,"column":14},"end":{"line":340,"column":56}},"187":{"start":{"line":342,"column":17},"end":{"line":346,"column":11}},"188":{"start":{"line":343,"column":12},"end":{"line":343,"column":72}},"189":{"start":{"line":344,"column":17},"end":{"line":346,"column":11}},"190":{"start":{"line":345,"column":12},"end":{"line":345,"column":69}},"191":{"start":{"line":352,"column":4},"end":{"line":372,"column":6}},"192":{"start":{"line":353,"column":6},"end":{"line":353,"column":33}},"193":{"start":{"line":355,"column":6},"end":{"line":357,"column":7}},"194":{"start":{"line":356,"column":8},"end":{"line":356,"column":46}},"195":{"start":{"line":360,"column":6},"end":{"line":371,"column":7}},"196":{"start":{"line":361,"column":8},"end":{"line":370,"column":9}},"197":{"start":{"line":362,"column":10},"end":{"line":362,"column":40}},"198":{"start":{"line":363,"column":10},"end":{"line":363,"column":48}},"199":{"start":{"line":364,"column":10},"end":{"line":364,"column":49}},"200":{"start":{"line":365,"column":10},"end":{"line":365,"column":46}},"201":{"start":{"line":366,"column":10},"end":{"line":366,"column":49}},"202":{"start":{"line":367,"column":10},"end":{"line":367,"column":48}},"203":{"start":{"line":369,"column":10},"end":{"line":369,"column":69}},"204":{"start":{"line":376,"column":25},"end":{"line":378,"column":3}},"205":{"start":{"line":377,"column":4},"end":{"line":377,"column":67}},"206":{"start":{"line":380,"column":2},"end":{"line":382,"column":17}},"207":{"start":{"line":381,"column":4},"end":{"line":381,"column":21}},"208":{"start":{"line":385,"column":2},"end":{"line":391,"column":21}},"209":{"start":{"line":386,"column":4},"end":{"line":390,"column":5}},"210":{"start":{"line":387,"column":17},"end":{"line":387,"column":33}},"211":{"start":{"line":388,"column":6},"end":{"line":388,"column":31}},"212":{"start":{"line":389,"column":6},"end":{"line":389,"column":62}},"213":{"start":{"line":394,"column":2},"end":{"line":398,"column":24}},"214":{"start":{"line":395,"column":4},"end":{"line":397,"column":5}},"215":{"start":{"line":396,"column":6},"end":{"line":396,"column":31}},"216":{"start":{"line":401,"column":23},"end":{"line":502,"column":3}},"217":{"start":{"line":402,"column":4},"end":{"line":402,"column":36}},"218":{"start":{"line":402,"column":29},"end":{"line":402,"column":36}},"219":{"start":{"line":404,"column":4},"end":{"line":404,"column":24}},"220":{"start":{"line":407,"column":4},"end":{"line":493,"column":5}},"221":{"start":{"line":408,"column":6},"end":{"line":489,"column":7}},"222":{"start":{"line":410,"column":8},"end":{"line":410,"column":34}},"223":{"start":{"line":413,"column":27},"end":{"line":425,"column":9}},"224":{"start":{"line":414,"column":10},"end":{"line":424,"column":13}},"225":{"start":{"line":415,"column":25},"end":{"line":415,"column":53}},"226":{"start":{"line":416,"column":12},"end":{"line":423,"column":13}},"227":{"start":{"line":417,"column":14},"end":{"line":417,"column":30}},"228":{"start":{"line":419,"column":14},"end":{"line":422,"column":16}},"229":{"start":{"line":420,"column":16},"end":{"line":420,"column":54}},"230":{"start":{"line":421,"column":16},"end":{"line":421,"column":32}},"231":{"start":{"line":427,"column":23},"end":{"line":427,"column":41}},"232":{"start":{"line":430,"column":28},"end":{"line":430,"column":32}},"233":{"start":{"line":431,"column":8},"end":{"line":438,"column":9}},"234":{"start":{"line":432,"column":10},"end":{"line":432,"column":62}},"235":{"start":{"line":433,"column":10},"end":{"line":433,"column":83}},"236":{"start":{"line":436,"column":10},"end":{"line":436,"column":58}},"237":{"start":{"line":437,"column":10},"end":{"line":437,"column":85}},"238":{"start":{"line":440,"column":26},"end":{"line":440,"column":78}},"239":{"start":{"line":443,"column":8},"end":{"line":447,"column":9}},"240":{"start":{"line":444,"column":10},"end":{"line":444,"column":46}},"241":{"start":{"line":446,"column":10},"end":{"line":446,"column":35}},"242":{"start":{"line":450,"column":8},"end":{"line":459,"column":9}},"243":{"start":{"line":451,"column":10},"end":{"line":451,"column":31}},"244":{"start":{"line":452,"column":10},"end":{"line":452,"column":32}},"245":{"start":{"line":453,"column":15},"end":{"line":459,"column":9}},"246":{"start":{"line":454,"column":10},"end":{"line":454,"column":31}},"247":{"start":{"line":455,"column":10},"end":{"line":455,"column":32}},"248":{"start":{"line":457,"column":10},"end":{"line":457,"column":32}},"249":{"start":{"line":458,"column":10},"end":{"line":458,"column":32}},"250":{"start":{"line":461,"column":8},"end":{"line":461,"column":31}},"251":{"start":{"line":463,"column":8},"end":{"line":468,"column":9}},"252":{"start":{"line":464,"column":10},"end":{"line":464,"column":42}},"253":{"start":{"line":465,"column":10},"end":{"line":465,"column":88}},"254":{"start":{"line":467,"column":10},"end":{"line":467,"column":83}},"255":{"start":{"line":470,"column":8},"end":{"line":472,"column":10}},"256":{"start":{"line":471,"column":10},"end":{"line":471,"column":53}},"257":{"start":{"line":474,"column":8},"end":{"line":477,"column":10}},"258":{"start":{"line":475,"column":10},"end":{"line":475,"column":53}},"259":{"start":{"line":476,"column":10},"end":{"line":476,"column":31}},"260":{"start":{"line":479,"column":8},"end":{"line":482,"column":10}},"261":{"start":{"line":480,"column":10},"end":{"line":480,"column":61}},"262":{"start":{"line":481,"column":10},"end":{"line":481,"column":31}},"263":{"start":{"line":484,"column":8},"end":{"line":484,"column":42}},"264":{"start":{"line":487,"column":8},"end":{"line":487,"column":47}},"265":{"start":{"line":488,"column":8},"end":{"line":488,"column":29}},"266":{"start":{"line":491,"column":6},"end":{"line":491,"column":55}},"267":{"start":{"line":492,"column":6},"end":{"line":492,"column":27}},"268":{"start":{"line":496,"column":4},"end":{"line":501,"column":14}},"269":{"start":{"line":497,"column":6},"end":{"line":500,"column":7}},"270":{"start":{"line":498,"column":8},"end":{"line":498,"column":35}},"271":{"start":{"line":499,"column":8},"end":{"line":499,"column":29}},"272":{"start":{"line":505,"column":28},"end":{"line":566,"column":3}},"273":{"start":{"line":506,"column":26},"end":{"line":506,"column":49}},"274":{"start":{"line":507,"column":4},"end":{"line":507,"column":54}},"275":{"start":{"line":507,"column":47},"end":{"line":507,"column":54}},"276":{"start":{"line":509,"column":29},"end":{"line":509,"column":68}},"277":{"start":{"line":511,"column":4},"end":{"line":511,"column":23}},"278":{"start":{"line":512,"column":4},"end":{"line":512,"column":24}},"279":{"start":{"line":515,"column":24},"end":{"line":520,"column":5}},"280":{"start":{"line":522,"column":4},"end":{"line":522,"column":48}},"281":{"start":{"line":522,"column":24},"end":{"line":522,"column":46}},"282":{"start":{"line":524,"column":4},"end":{"line":563,"column":5}},"283":{"start":{"line":525,"column":6},"end":{"line":553,"column":7}},"284":{"start":{"line":527,"column":8},"end":{"line":531,"column":12}},"285":{"start":{"line":534,"column":27},"end":{"line":534,"column":48}},"286":{"start":{"line":535,"column":19},"end":{"line":535,"column":62}},"287":{"start":{"line":535,"column":36},"end":{"line":535,"column":54}},"288":{"start":{"line":536,"column":25},"end":{"line":541,"column":10}},"289":{"start":{"line":542,"column":8},"end":{"line":542,"column":25}},"290":{"start":{"line":543,"column":8},"end":{"line":543,"column":69}},"291":{"start":{"line":543,"column":26},"end":{"line":543,"column":69}},"292":{"start":{"line":544,"column":21},"end":{"line":544,"column":42}},"293":{"start":{"line":545,"column":33},"end":{"line":550,"column":9}},"294":{"start":{"line":551,"column":8},"end":{"line":551,"column":57}},"295":{"start":{"line":551,"column":28},"end":{"line":551,"column":55}},"296":{"start":{"line":552,"column":8},"end":{"line":552,"column":74}},"297":{"start":{"line":552,"column":23},"end":{"line":552,"column":74}},"298":{"start":{"line":552,"column":40},"end":{"line":552,"column":67}},"299":{"start":{"line":555,"column":27},"end":{"line":561,"column":7}},"300":{"start":{"line":562,"column":6},"end":{"line":562,"column":51}},"301":{"start":{"line":562,"column":26},"end":{"line":562,"column":49}},"302":{"start":{"line":565,"column":4},"end":{"line":565,"column":24}},"303":{"start":{"line":569,"column":24},"end":{"line":574,"column":3}},"304":{"start":{"line":570,"column":4},"end":{"line":573,"column":5}},"305":{"start":{"line":571,"column":6},"end":{"line":571,"column":25}},"306":{"start":{"line":572,"column":6},"end":{"line":572,"column":26}},"307":{"start":{"line":576,"column":23},"end":{"line":579,"column":3}},"308":{"start":{"line":577,"column":4},"end":{"line":577,"column":23}},"309":{"start":{"line":578,"column":4},"end":{"line":578,"column":24}},"310":{"start":{"line":581,"column":24},"end":{"line":585,"column":3}},"311":{"start":{"line":582,"column":4},"end":{"line":582,"column":46}},"312":{"start":{"line":582,"column":23},"end":{"line":582,"column":46}},"313":{"start":{"line":583,"column":4},"end":{"line":583,"column":46}},"314":{"start":{"line":583,"column":21},"end":{"line":583,"column":46}},"315":{"start":{"line":584,"column":4},"end":{"line":584,"column":24}},"316":{"start":{"line":587,"column":33},"end":{"line":625,"column":3}},"317":{"start":{"line":588,"column":4},"end":{"line":592,"column":5}},"318":{"start":{"line":589,"column":6},"end":{"line":589,"column":61}},"319":{"start":{"line":590,"column":6},"end":{"line":590,"column":71}},"320":{"start":{"line":591,"column":6},"end":{"line":591,"column":13}},"321":{"start":{"line":594,"column":4},"end":{"line":624,"column":5}},"322":{"start":{"line":595,"column":6},"end":{"line":608,"column":7}},"323":{"start":{"line":596,"column":8},"end":{"line":596,"column":54}},"324":{"start":{"line":597,"column":8},"end":{"line":597,"column":39}},"325":{"start":{"line":598,"column":8},"end":{"line":598,"column":30}},"326":{"start":{"line":600,"column":8},"end":{"line":600,"column":58}},"327":{"start":{"line":602,"column":8},"end":{"line":607,"column":9}},"328":{"start":{"line":603,"column":10},"end":{"line":603,"column":41}},"329":{"start":{"line":606,"column":10},"end":{"line":606,"column":74}},"330":{"start":{"line":610,"column":6},"end":{"line":610,"column":63}},"331":{"start":{"line":611,"column":6},"end":{"line":611,"column":28}},"332":{"start":{"line":614,"column":6},"end":{"line":623,"column":7}},"333":{"start":{"line":615,"column":8},"end":{"line":615,"column":70}},"334":{"start":{"line":616,"column":8},"end":{"line":622,"column":17}},"335":{"start":{"line":617,"column":10},"end":{"line":621,"column":11}},"336":{"start":{"line":618,"column":12},"end":{"line":618,"column":44}},"337":{"start":{"line":620,"column":12},"end":{"line":620,"column":64}},"338":{"start":{"line":627,"column":23},"end":{"line":638,"column":3}},"339":{"start":{"line":628,"column":4},"end":{"line":637,"column":5}},"340":{"start":{"line":629,"column":6},"end":{"line":632,"column":7}},"341":{"start":{"line":630,"column":8},"end":{"line":630,"column":48}},"342":{"start":{"line":631,"column":8},"end":{"line":631,"column":34}},"343":{"start":{"line":633,"column":6},"end":{"line":633,"column":27}},"344":{"start":{"line":635,"column":6},"end":{"line":635,"column":56}},"345":{"start":{"line":636,"column":6},"end":{"line":636,"column":27}},"346":{"start":{"line":640,"column":26},"end":{"line":649,"column":3}},"347":{"start":{"line":641,"column":25},"end":{"line":641,"column":35}},"348":{"start":{"line":642,"column":4},"end":{"line":642,"column":31}},"349":{"start":{"line":643,"column":4},"end":{"line":643,"column":84}},"350":{"start":{"line":646,"column":4},"end":{"line":648,"column":5}},"351":{"start":{"line":647,"column":6},"end":{"line":647,"column":50}},"352":{"start":{"line":651,"column":27},"end":{"line":658,"column":3}},"353":{"start":{"line":652,"column":33},"end":{"line":652,"column":87}},"354":{"start":{"line":652,"column":56},"end":{"line":652,"column":80}},"355":{"start":{"line":653,"column":4},"end":{"line":657,"column":5}},"356":{"start":{"line":654,"column":6},"end":{"line":654,"column":49}},"357":{"start":{"line":656,"column":6},"end":{"line":656,"column":47}},"358":{"start":{"line":660,"column":32},"end":{"line":674,"column":3}},"359":{"start":{"line":661,"column":4},"end":{"line":661,"column":29}},"360":{"start":{"line":662,"column":4},"end":{"line":662,"column":55}},"361":{"start":{"line":665,"column":4},"end":{"line":673,"column":5}},"362":{"start":{"line":666,"column":6},"end":{"line":666,"column":25}},"363":{"start":{"line":667,"column":6},"end":{"line":667,"column":26}},"364":{"start":{"line":668,"column":11},"end":{"line":673,"column":5}},"365":{"start":{"line":669,"column":6},"end":{"line":669,"column":26}},"366":{"start":{"line":670,"column":6},"end":{"line":672,"column":7}},"367":{"start":{"line":671,"column":8},"end":{"line":671,"column":39}},"368":{"start":{"line":676,"column":22},"end":{"line":700,"column":3}},"369":{"start":{"line":677,"column":4},"end":{"line":680,"column":5}},"370":{"start":{"line":678,"column":6},"end":{"line":678,"column":64}},"371":{"start":{"line":679,"column":6},"end":{"line":679,"column":13}},"372":{"start":{"line":683,"column":4},"end":{"line":687,"column":5}},"373":{"start":{"line":684,"column":6},"end":{"line":684,"column":67}},"374":{"start":{"line":686,"column":6},"end":{"line":686,"column":96}},"375":{"start":{"line":689,"column":4},"end":{"line":689,"column":36}},"376":{"start":{"line":690,"column":26},"end":{"line":690,"column":51}},"377":{"start":{"line":691,"column":4},"end":{"line":691,"column":78}},"378":{"start":{"line":692,"column":4},"end":{"line":692,"column":69}},"379":{"start":{"line":695,"column":4},"end":{"line":699,"column":5}},"380":{"start":{"line":696,"column":6},"end":{"line":698,"column":14}},"381":{"start":{"line":697,"column":8},"end":{"line":697,"column":68}},"382":{"start":{"line":702,"column":2},"end":{"line":1224,"column":4}},"383":{"start":{"line":709,"column":12},"end":{"line":713,"column":21}},"384":{"start":{"line":752,"column":29},"end":{"line":752,"column":64}},"385":{"start":{"line":761,"column":29},"end":{"line":761,"column":60}},"386":{"start":{"line":770,"column":29},"end":{"line":770,"column":63}},"387":{"start":{"line":784,"column":31},"end":{"line":784,"column":50}},"388":{"start":{"line":799,"column":31},"end":{"line":799,"column":50}},"389":{"start":{"line":902,"column":18},"end":{"line":938,"column":31}},"390":{"start":{"line":991,"column":33},"end":{"line":991,"column":64}},"391":{"start":{"line":1023,"column":65},"end":{"line":1023,"column":89}},"392":{"start":{"line":1099,"column":67},"end":{"line":1099,"column":91}},"393":{"start":{"line":1179,"column":18},"end":{"line":1190,"column":20}}},"fnMap":{"0":{"name":"(anonymous_0)","decl":{"start":{"line":5,"column":33},"end":{"line":5,"column":34}},"loc":{"start":{"line":5,"column":39},"end":{"line":1225,"column":1}},"line":5},"1":{"name":"(anonymous_1)","decl":{"start":{"line":34,"column":12},"end":{"line":34,"column":13}},"loc":{"start":{"line":34,"column":18},"end":{"line":42,"column":3}},"line":34},"2":{"name":"(anonymous_2)","decl":{"start":{"line":38,"column":11},"end":{"line":38,"column":12}},"loc":{"start":{"line":38,"column":17},"end":{"line":41,"column":5}},"line":38},"3":{"name":"(anonymous_3)","decl":{"start":{"line":44,"column":27},"end":{"line":44,"column":28}},"loc":{"start":{"line":44,"column":33},"end":{"line":83,"column":3}},"line":44},"4":{"name":"(anonymous_4)","decl":{"start":{"line":49,"column":18},"end":{"line":49,"column":19}},"loc":{"start":{"line":49,"column":24},"end":{"line":51,"column":7}},"line":49},"5":{"name":"(anonymous_5)","decl":{"start":{"line":52,"column":19},"end":{"line":52,"column":20}},"loc":{"start":{"line":52,"column":25},"end":{"line":56,"column":7}},"line":52},"6":{"name":"(anonymous_6)","decl":{"start":{"line":55,"column":19},"end":{"line":55,"column":20}},"loc":{"start":{"line":55,"column":25},"end":{"line":55,"column":43}},"line":55},"7":{"name":"(anonymous_7)","decl":{"start":{"line":57,"column":19},"end":{"line":57,"column":20}},"loc":{"start":{"line":57,"column":26},"end":{"line":59,"column":7}},"line":57},"8":{"name":"(anonymous_8)","decl":{"start":{"line":60,"column":21},"end":{"line":60,"column":22}},"loc":{"start":{"line":60,"column":30},"end":{"line":79,"column":7}},"line":60},"9":{"name":"(anonymous_9)","decl":{"start":{"line":70,"column":24},"end":{"line":70,"column":25}},"loc":{"start":{"line":70,"column":32},"end":{"line":70,"column":59}},"line":70},"10":{"name":"(anonymous_10)","decl":{"start":{"line":73,"column":25},"end":{"line":73,"column":26}},"loc":{"start":{"line":73,"column":31},"end":{"line":73,"column":58}},"line":73},"11":{"name":"(anonymous_11)","decl":{"start":{"line":85,"column":25},"end":{"line":85,"column":26}},"loc":{"start":{"line":85,"column":37},"end":{"line":103,"column":3}},"line":85},"12":{"name":"(anonymous_12)","decl":{"start":{"line":88,"column":28},"end":{"line":88,"column":29}},"loc":{"start":{"line":88,"column":34},"end":{"line":88,"column":52}},"line":88},"13":{"name":"(anonymous_13)","decl":{"start":{"line":106,"column":12},"end":{"line":106,"column":13}},"loc":{"start":{"line":106,"column":18},"end":{"line":223,"column":3}},"line":106},"14":{"name":"(anonymous_14)","decl":{"start":{"line":113,"column":25},"end":{"line":113,"column":26}},"loc":{"start":{"line":113,"column":31},"end":{"line":185,"column":7}},"line":113},"15":{"name":"(anonymous_15)","decl":{"start":{"line":118,"column":69},"end":{"line":118,"column":70}},"loc":{"start":{"line":118,"column":74},"end":{"line":118,"column":97}},"line":118},"16":{"name":"(anonymous_16)","decl":{"start":{"line":121,"column":44},"end":{"line":121,"column":45}},"loc":{"start":{"line":122,"column":10},"end":{"line":125,"column":55}},"line":122},"17":{"name":"(anonymous_17)","decl":{"start":{"line":133,"column":42},"end":{"line":133,"column":43}},"loc":{"start":{"line":134,"column":12},"end":{"line":136,"column":51}},"line":134},"18":{"name":"(anonymous_18)","decl":{"start":{"line":141,"column":44},"end":{"line":141,"column":45}},"loc":{"start":{"line":142,"column":14},"end":{"line":145,"column":41}},"line":142},"19":{"name":"(anonymous_19)","decl":{"start":{"line":151,"column":44},"end":{"line":151,"column":45}},"loc":{"start":{"line":152,"column":14},"end":{"line":157,"column":15}},"line":152},"20":{"name":"(anonymous_20)","decl":{"start":{"line":163,"column":44},"end":{"line":163,"column":45}},"loc":{"start":{"line":164,"column":14},"end":{"line":166,"column":60}},"line":164},"21":{"name":"(anonymous_21)","decl":{"start":{"line":170,"column":78},"end":{"line":170,"column":79}},"loc":{"start":{"line":170,"column":83},"end":{"line":170,"column":106}},"line":170},"22":{"name":"(anonymous_22)","decl":{"start":{"line":180,"column":64},"end":{"line":180,"column":65}},"loc":{"start":{"line":180,"column":69},"end":{"line":180,"column":92}},"line":180},"23":{"name":"(anonymous_23)","decl":{"start":{"line":197,"column":38},"end":{"line":197,"column":39}},"loc":{"start":{"line":197,"column":44},"end":{"line":202,"column":9}},"line":197},"24":{"name":"(anonymous_24)","decl":{"start":{"line":214,"column":11},"end":{"line":214,"column":12}},"loc":{"start":{"line":214,"column":17},"end":{"line":222,"column":5}},"line":214},"25":{"name":"(anonymous_25)","decl":{"start":{"line":226,"column":12},"end":{"line":226,"column":13}},"loc":{"start":{"line":226,"column":18},"end":{"line":373,"column":3}},"line":226},"26":{"name":"(anonymous_26)","decl":{"start":{"line":228,"column":33},"end":{"line":228,"column":34}},"loc":{"start":{"line":228,"column":39},"end":{"line":235,"column":5}},"line":228},"27":{"name":"(anonymous_27)","decl":{"start":{"line":247,"column":39},"end":{"line":247,"column":40}},"loc":{"start":{"line":247,"column":45},"end":{"line":250,"column":7}},"line":247},"28":{"name":"(anonymous_28)","decl":{"start":{"line":252,"column":40},"end":{"line":252,"column":41}},"loc":{"start":{"line":252,"column":51},"end":{"line":289,"column":7}},"line":252},"29":{"name":"(anonymous_29)","decl":{"start":{"line":276,"column":23},"end":{"line":276,"column":24}},"loc":{"start":{"line":276,"column":29},"end":{"line":276,"column":58}},"line":276},"30":{"name":"(anonymous_30)","decl":{"start":{"line":285,"column":25},"end":{"line":285,"column":26}},"loc":{"start":{"line":285,"column":31},"end":{"line":285,"column":60}},"line":285},"31":{"name":"(anonymous_31)","decl":{"start":{"line":291,"column":37},"end":{"line":291,"column":38}},"loc":{"start":{"line":291,"column":43},"end":{"line":318,"column":7}},"line":291},"32":{"name":"(anonymous_32)","decl":{"start":{"line":304,"column":23},"end":{"line":304,"column":24}},"loc":{"start":{"line":304,"column":29},"end":{"line":315,"column":13}},"line":304},"33":{"name":"(anonymous_33)","decl":{"start":{"line":320,"column":39},"end":{"line":320,"column":40}},"loc":{"start":{"line":320,"column":50},"end":{"line":348,"column":7}},"line":320},"34":{"name":"(anonymous_34)","decl":{"start":{"line":352,"column":11},"end":{"line":352,"column":12}},"loc":{"start":{"line":352,"column":17},"end":{"line":372,"column":5}},"line":352},"35":{"name":"(anonymous_35)","decl":{"start":{"line":376,"column":25},"end":{"line":376,"column":26}},"loc":{"start":{"line":376,"column":31},"end":{"line":378,"column":3}},"line":376},"36":{"name":"(anonymous_36)","decl":{"start":{"line":380,"column":12},"end":{"line":380,"column":13}},"loc":{"start":{"line":380,"column":18},"end":{"line":382,"column":3}},"line":380},"37":{"name":"(anonymous_37)","decl":{"start":{"line":385,"column":12},"end":{"line":385,"column":13}},"loc":{"start":{"line":385,"column":18},"end":{"line":391,"column":3}},"line":385},"38":{"name":"(anonymous_38)","decl":{"start":{"line":394,"column":12},"end":{"line":394,"column":13}},"loc":{"start":{"line":394,"column":18},"end":{"line":398,"column":3}},"line":394},"39":{"name":"(anonymous_39)","decl":{"start":{"line":401,"column":23},"end":{"line":401,"column":24}},"loc":{"start":{"line":401,"column":39},"end":{"line":502,"column":3}},"line":401},"40":{"name":"(anonymous_40)","decl":{"start":{"line":413,"column":27},"end":{"line":413,"column":28}},"loc":{"start":{"line":413,"column":33},"end":{"line":425,"column":9}},"line":413},"41":{"name":"(anonymous_41)","decl":{"start":{"line":414,"column":29},"end":{"line":414,"column":30}},"loc":{"start":{"line":414,"column":42},"end":{"line":424,"column":11}},"line":414},"42":{"name":"(anonymous_42)","decl":{"start":{"line":419,"column":49},"end":{"line":419,"column":50}},"loc":{"start":{"line":419,"column":55},"end":{"line":422,"column":15}},"line":419},"43":{"name":"(anonymous_43)","decl":{"start":{"line":470,"column":28},"end":{"line":470,"column":29}},"loc":{"start":{"line":470,"column":34},"end":{"line":472,"column":9}},"line":470},"44":{"name":"(anonymous_44)","decl":{"start":{"line":474,"column":26},"end":{"line":474,"column":27}},"loc":{"start":{"line":474,"column":32},"end":{"line":477,"column":9}},"line":474},"45":{"name":"(anonymous_45)","decl":{"start":{"line":479,"column":28},"end":{"line":479,"column":29}},"loc":{"start":{"line":479,"column":39},"end":{"line":482,"column":9}},"line":479},"46":{"name":"(anonymous_46)","decl":{"start":{"line":496,"column":15},"end":{"line":496,"column":16}},"loc":{"start":{"line":496,"column":21},"end":{"line":501,"column":5}},"line":496},"47":{"name":"(anonymous_47)","decl":{"start":{"line":505,"column":28},"end":{"line":505,"column":29}},"loc":{"start":{"line":505,"column":47},"end":{"line":566,"column":3}},"line":505},"48":{"name":"(anonymous_48)","decl":{"start":{"line":522,"column":16},"end":{"line":522,"column":17}},"loc":{"start":{"line":522,"column":24},"end":{"line":522,"column":46}},"line":522},"49":{"name":"(anonymous_49)","decl":{"start":{"line":535,"column":30},"end":{"line":535,"column":31}},"loc":{"start":{"line":535,"column":36},"end":{"line":535,"column":54}},"line":535},"50":{"name":"(anonymous_50)","decl":{"start":{"line":551,"column":20},"end":{"line":551,"column":21}},"loc":{"start":{"line":551,"column":28},"end":{"line":551,"column":55}},"line":551},"51":{"name":"(anonymous_51)","decl":{"start":{"line":552,"column":34},"end":{"line":552,"column":35}},"loc":{"start":{"line":552,"column":40},"end":{"line":552,"column":67}},"line":552},"52":{"name":"(anonymous_52)","decl":{"start":{"line":562,"column":18},"end":{"line":562,"column":19}},"loc":{"start":{"line":562,"column":26},"end":{"line":562,"column":49}},"line":562},"53":{"name":"(anonymous_53)","decl":{"start":{"line":569,"column":24},"end":{"line":569,"column":25}},"loc":{"start":{"line":569,"column":31},"end":{"line":574,"column":3}},"line":569},"54":{"name":"(anonymous_54)","decl":{"start":{"line":576,"column":23},"end":{"line":576,"column":24}},"loc":{"start":{"line":576,"column":30},"end":{"line":579,"column":3}},"line":576},"55":{"name":"(anonymous_55)","decl":{"start":{"line":581,"column":24},"end":{"line":581,"column":25}},"loc":{"start":{"line":581,"column":30},"end":{"line":585,"column":3}},"line":581},"56":{"name":"(anonymous_56)","decl":{"start":{"line":587,"column":33},"end":{"line":587,"column":34}},"loc":{"start":{"line":587,"column":39},"end":{"line":625,"column":3}},"line":587},"57":{"name":"(anonymous_57)","decl":{"start":{"line":616,"column":19},"end":{"line":616,"column":20}},"loc":{"start":{"line":616,"column":25},"end":{"line":622,"column":9}},"line":616},"58":{"name":"(anonymous_58)","decl":{"start":{"line":627,"column":23},"end":{"line":627,"column":24}},"loc":{"start":{"line":627,"column":29},"end":{"line":638,"column":3}},"line":627},"59":{"name":"(anonymous_59)","decl":{"start":{"line":640,"column":26},"end":{"line":640,"column":27}},"loc":{"start":{"line":640,"column":32},"end":{"line":649,"column":3}},"line":640},"60":{"name":"(anonymous_60)","decl":{"start":{"line":651,"column":27},"end":{"line":651,"column":28}},"loc":{"start":{"line":651,"column":33},"end":{"line":658,"column":3}},"line":651},"61":{"name":"(anonymous_61)","decl":{"start":{"line":652,"column":49},"end":{"line":652,"column":50}},"loc":{"start":{"line":652,"column":56},"end":{"line":652,"column":80}},"line":652},"62":{"name":"(anonymous_62)","decl":{"start":{"line":660,"column":32},"end":{"line":660,"column":33}},"loc":{"start":{"line":660,"column":42},"end":{"line":674,"column":3}},"line":660},"63":{"name":"(anonymous_63)","decl":{"start":{"line":676,"column":22},"end":{"line":676,"column":23}},"loc":{"start":{"line":676,"column":37},"end":{"line":700,"column":3}},"line":676},"64":{"name":"(anonymous_64)","decl":{"start":{"line":696,"column":17},"end":{"line":696,"column":18}},"loc":{"start":{"line":696,"column":23},"end":{"line":698,"column":7}},"line":696},"65":{"name":"(anonymous_65)","decl":{"start":{"line":708,"column":30},"end":{"line":708,"column":31}},"loc":{"start":{"line":709,"column":12},"end":{"line":713,"column":21}},"line":709},"66":{"name":"(anonymous_66)","decl":{"start":{"line":752,"column":23},"end":{"line":752,"column":24}},"loc":{"start":{"line":752,"column":29},"end":{"line":752,"column":64}},"line":752},"67":{"name":"(anonymous_67)","decl":{"start":{"line":761,"column":23},"end":{"line":761,"column":24}},"loc":{"start":{"line":761,"column":29},"end":{"line":761,"column":60}},"line":761},"68":{"name":"(anonymous_68)","decl":{"start":{"line":770,"column":23},"end":{"line":770,"column":24}},"loc":{"start":{"line":770,"column":29},"end":{"line":770,"column":63}},"line":770},"69":{"name":"(anonymous_69)","decl":{"start":{"line":784,"column":25},"end":{"line":784,"column":26}},"loc":{"start":{"line":784,"column":31},"end":{"line":784,"column":50}},"line":784},"70":{"name":"(anonymous_70)","decl":{"start":{"line":799,"column":25},"end":{"line":799,"column":26}},"loc":{"start":{"line":799,"column":31},"end":{"line":799,"column":50}},"line":799},"71":{"name":"(anonymous_71)","decl":{"start":{"line":901,"column":30},"end":{"line":901,"column":31}},"loc":{"start":{"line":902,"column":18},"end":{"line":938,"column":31}},"line":902},"72":{"name":"(anonymous_72)","decl":{"start":{"line":991,"column":26},"end":{"line":991,"column":27}},"loc":{"start":{"line":991,"column":33},"end":{"line":991,"column":64}},"line":991},"73":{"name":"(anonymous_73)","decl":{"start":{"line":1023,"column":58},"end":{"line":1023,"column":59}},"loc":{"start":{"line":1023,"column":65},"end":{"line":1023,"column":89}},"line":1023},"74":{"name":"(anonymous_74)","decl":{"start":{"line":1099,"column":60},"end":{"line":1099,"column":61}},"loc":{"start":{"line":1099,"column":67},"end":{"line":1099,"column":91}},"line":1099},"75":{"name":"(anonymous_75)","decl":{"start":{"line":1178,"column":35},"end":{"line":1178,"column":36}},"loc":{"start":{"line":1179,"column":18},"end":{"line":1190,"column":20}},"line":1179}},"branchMap":{"0":{"loc":{"start":{"line":24,"column":23},"end":{"line":24,"column":79}},"type":"binary-expr","locations":[{"start":{"line":24,"column":23},"end":{"line":24,"column":52}},{"start":{"line":24,"column":56},"end":{"line":24,"column":79}}],"line":24},"1":{"loc":{"start":{"line":26,"column":22},"end":{"line":26,"column":78}},"type":"binary-expr","locations":[{"start":{"line":26,"column":22},"end":{"line":26,"column":50}},{"start":{"line":26,"column":54},"end":{"line":26,"column":78}}],"line":26},"2":{"loc":{"start":{"line":27,"column":18},"end":{"line":27,"column":100}},"type":"cond-expr","locations":[{"start":{"line":27,"column":48},"end":{"line":27,"column":59}},{"start":{"line":27,"column":62},"end":{"line":27,"column":100}}],"line":27},"3":{"loc":{"start":{"line":63,"column":10},"end":{"line":75,"column":11}},"type":"if","locations":[{"start":{"line":63,"column":10},"end":{"line":75,"column":11}},{"start":{},"end":{}}],"line":63},"4":{"loc":{"start":{"line":72,"column":12},"end":{"line":74,"column":13}},"type":"if","locations":[{"start":{"line":72,"column":12},"end":{"line":74,"column":13}},{"start":{},"end":{}}],"line":72},"5":{"loc":{"start":{"line":94,"column":6},"end":{"line":98,"column":7}},"type":"if","locations":[{"start":{"line":94,"column":6},"end":{"line":98,"column":7}},{"start":{"line":96,"column":13},"end":{"line":98,"column":7}}],"line":94},"6":{"loc":{"start":{"line":110,"column":4},"end":{"line":211,"column":5}},"type":"if","locations":[{"start":{"line":110,"column":4},"end":{"line":211,"column":5}},{"start":{},"end":{}}],"line":110},"7":{"loc":{"start":{"line":114,"column":8},"end":{"line":114,"column":40}},"type":"if","locations":[{"start":{"line":114,"column":8},"end":{"line":114,"column":40}},{"start":{},"end":{}}],"line":114},"8":{"loc":{"start":{"line":122,"column":10},"end":{"line":125,"column":55}},"type":"binary-expr","locations":[{"start":{"line":122,"column":10},"end":{"line":122,"column":37}},{"start":{"line":123,"column":10},"end":{"line":123,"column":35}},{"start":{"line":124,"column":10},"end":{"line":124,"column":53}},{"start":{"line":125,"column":10},"end":{"line":125,"column":55}}],"line":122},"9":{"loc":{"start":{"line":129,"column":8},"end":{"line":171,"column":9}},"type":"if","locations":[{"start":{"line":129,"column":8},"end":{"line":171,"column":9}},{"start":{},"end":{}}],"line":129},"10":{"loc":{"start":{"line":134,"column":12},"end":{"line":136,"column":51}},"type":"binary-expr","locations":[{"start":{"line":134,"column":13},"end":{"line":134,"column":43}},{"start":{"line":134,"column":47},"end":{"line":134,"column":77}},{"start":{"line":135,"column":12},"end":{"line":135,"column":56}},{"start":{"line":136,"column":12},"end":{"line":136,"column":51}}],"line":134},"11":{"loc":{"start":{"line":140,"column":10},"end":{"line":147,"column":11}},"type":"if","locations":[{"start":{"line":140,"column":10},"end":{"line":147,"column":11}},{"start":{},"end":{}}],"line":140},"12":{"loc":{"start":{"line":142,"column":14},"end":{"line":145,"column":41}},"type":"binary-expr","locations":[{"start":{"line":142,"column":14},"end":{"line":142,"column":59}},{"start":{"line":143,"column":14},"end":{"line":143,"column":41}},{"start":{"line":144,"column":14},"end":{"line":144,"column":41}},{"start":{"line":145,"column":14},"end":{"line":145,"column":41}}],"line":142},"13":{"loc":{"start":{"line":150,"column":10},"end":{"line":159,"column":11}},"type":"if","locations":[{"start":{"line":150,"column":10},"end":{"line":159,"column":11}},{"start":{},"end":{}}],"line":150},"14":{"loc":{"start":{"line":152,"column":14},"end":{"line":157,"column":15}},"type":"binary-expr","locations":[{"start":{"line":152,"column":14},"end":{"line":152,"column":44}},{"start":{"line":153,"column":16},"end":{"line":153,"column":57}},{"start":{"line":154,"column":16},"end":{"line":154,"column":56}},{"start":{"line":155,"column":16},"end":{"line":155,"column":57}},{"start":{"line":156,"column":16},"end":{"line":156,"column":58}}],"line":152},"15":{"loc":{"start":{"line":162,"column":10},"end":{"line":168,"column":11}},"type":"if","locations":[{"start":{"line":162,"column":10},"end":{"line":168,"column":11}},{"start":{},"end":{}}],"line":162},"16":{"loc":{"start":{"line":164,"column":14},"end":{"line":166,"column":60}},"type":"binary-expr","locations":[{"start":{"line":164,"column":14},"end":{"line":164,"column":44}},{"start":{"line":165,"column":14},"end":{"line":165,"column":59}},{"start":{"line":166,"column":14},"end":{"line":166,"column":60}}],"line":164},"17":{"loc":{"start":{"line":176,"column":8},"end":{"line":178,"column":9}},"type":"if","locations":[{"start":{"line":176,"column":8},"end":{"line":178,"column":9}},{"start":{},"end":{}}],"line":176},"18":{"loc":{"start":{"line":177,"column":29},"end":{"line":177,"column":95}},"type":"cond-expr","locations":[{"start":{"line":177,"column":57},"end":{"line":177,"column":71}},{"start":{"line":177,"column":74},"end":{"line":177,"column":95}}],"line":177},"19":{"loc":{"start":{"line":192,"column":8},"end":{"line":194,"column":9}},"type":"if","locations":[{"start":{"line":192,"column":8},"end":{"line":194,"column":9}},{"start":{},"end":{}}],"line":192},"20":{"loc":{"start":{"line":198,"column":10},"end":{"line":201,"column":11}},"type":"if","locations":[{"start":{"line":198,"column":10},"end":{"line":201,"column":11}},{"start":{},"end":{}}],"line":198},"21":{"loc":{"start":{"line":198,"column":14},"end":{"line":198,"column":64}},"type":"binary-expr","locations":[{"start":{"line":198,"column":14},"end":{"line":198,"column":32}},{"start":{"line":198,"column":36},"end":{"line":198,"column":64}}],"line":198},"22":{"loc":{"start":{"line":207,"column":8},"end":{"line":209,"column":9}},"type":"if","locations":[{"start":{"line":207,"column":8},"end":{"line":209,"column":9}},{"start":{},"end":{}}],"line":207},"23":{"loc":{"start":{"line":216,"column":6},"end":{"line":218,"column":7}},"type":"if","locations":[{"start":{"line":216,"column":6},"end":{"line":218,"column":7}},{"start":{},"end":{}}],"line":216},"24":{"loc":{"start":{"line":219,"column":6},"end":{"line":221,"column":7}},"type":"if","locations":[{"start":{"line":219,"column":6},"end":{"line":221,"column":7}},{"start":{},"end":{}}],"line":219},"25":{"loc":{"start":{"line":219,"column":10},"end":{"line":219,"column":62}},"type":"binary-expr","locations":[{"start":{"line":219,"column":10},"end":{"line":219,"column":26}},{"start":{"line":219,"column":30},"end":{"line":219,"column":62}}],"line":219},"26":{"loc":{"start":{"line":230,"column":18},"end":{"line":230,"column":76}},"type":"binary-expr","locations":[{"start":{"line":230,"column":18},"end":{"line":230,"column":42}},{"start":{"line":230,"column":46},"end":{"line":230,"column":76}}],"line":230},"27":{"loc":{"start":{"line":237,"column":4},"end":{"line":349,"column":5}},"type":"if","locations":[{"start":{"line":237,"column":4},"end":{"line":349,"column":5}},{"start":{},"end":{}}],"line":237},"28":{"loc":{"start":{"line":238,"column":32},"end":{"line":238,"column":90}},"type":"binary-expr","locations":[{"start":{"line":238,"column":32},"end":{"line":238,"column":56}},{"start":{"line":238,"column":60},"end":{"line":238,"column":90}}],"line":238},"29":{"loc":{"start":{"line":257,"column":10},"end":{"line":261,"column":11}},"type":"if","locations":[{"start":{"line":257,"column":10},"end":{"line":261,"column":11}},{"start":{"line":259,"column":17},"end":{"line":261,"column":11}}],"line":257},"30":{"loc":{"start":{"line":265,"column":8},"end":{"line":267,"column":9}},"type":"if","locations":[{"start":{"line":265,"column":8},"end":{"line":267,"column":9}},{"start":{},"end":{}}],"line":265},"31":{"loc":{"start":{"line":266,"column":26},"end":{"line":266,"column":57}},"type":"binary-expr","locations":[{"start":{"line":266,"column":26},"end":{"line":266,"column":36}},{"start":{"line":266,"column":40},"end":{"line":266,"column":57}}],"line":266},"32":{"loc":{"start":{"line":269,"column":8},"end":{"line":288,"column":9}},"type":"if","locations":[{"start":{"line":269,"column":8},"end":{"line":288,"column":9}},{"start":{},"end":{}}],"line":269},"33":{"loc":{"start":{"line":272,"column":10},"end":{"line":287,"column":11}},"type":"if","locations":[{"start":{"line":272,"column":10},"end":{"line":287,"column":11}},{"start":{"line":277,"column":17},"end":{"line":287,"column":11}}],"line":272},"34":{"loc":{"start":{"line":284,"column":12},"end":{"line":286,"column":13}},"type":"if","locations":[{"start":{"line":284,"column":12},"end":{"line":286,"column":13}},{"start":{},"end":{}}],"line":284},"35":{"loc":{"start":{"line":292,"column":8},"end":{"line":317,"column":9}},"type":"if","locations":[{"start":{"line":292,"column":8},"end":{"line":317,"column":9}},{"start":{},"end":{}}],"line":292},"36":{"loc":{"start":{"line":297,"column":10},"end":{"line":300,"column":11}},"type":"if","locations":[{"start":{"line":297,"column":10},"end":{"line":300,"column":11}},{"start":{},"end":{}}],"line":297},"37":{"loc":{"start":{"line":303,"column":10},"end":{"line":316,"column":11}},"type":"if","locations":[{"start":{"line":303,"column":10},"end":{"line":316,"column":11}},{"start":{},"end":{}}],"line":303},"38":{"loc":{"start":{"line":303,"column":14},"end":{"line":303,"column":82}},"type":"binary-expr","locations":[{"start":{"line":303,"column":14},"end":{"line":303,"column":46}},{"start":{"line":303,"column":50},"end":{"line":303,"column":60}},{"start":{"line":303,"column":64},"end":{"line":303,"column":82}}],"line":303},"39":{"loc":{"start":{"line":305,"column":14},"end":{"line":314,"column":15}},"type":"if","locations":[{"start":{"line":305,"column":14},"end":{"line":314,"column":15}},{"start":{},"end":{}}],"line":305},"40":{"loc":{"start":{"line":308,"column":18},"end":{"line":310,"column":19}},"type":"if","locations":[{"start":{"line":308,"column":18},"end":{"line":310,"column":19}},{"start":{},"end":{}}],"line":308},"41":{"loc":{"start":{"line":308,"column":22},"end":{"line":308,"column":60}},"type":"binary-expr","locations":[{"start":{"line":308,"column":22},"end":{"line":308,"column":44}},{"start":{"line":308,"column":48},"end":{"line":308,"column":60}}],"line":308},"42":{"loc":{"start":{"line":321,"column":8},"end":{"line":347,"column":9}},"type":"if","locations":[{"start":{"line":321,"column":8},"end":{"line":347,"column":9}},{"start":{},"end":{}}],"line":321},"43":{"loc":{"start":{"line":326,"column":10},"end":{"line":329,"column":11}},"type":"if","locations":[{"start":{"line":326,"column":10},"end":{"line":329,"column":11}},{"start":{},"end":{}}],"line":326},"44":{"loc":{"start":{"line":332,"column":10},"end":{"line":346,"column":11}},"type":"if","locations":[{"start":{"line":332,"column":10},"end":{"line":346,"column":11}},{"start":{"line":334,"column":17},"end":{"line":346,"column":11}}],"line":332},"45":{"loc":{"start":{"line":334,"column":17},"end":{"line":346,"column":11}},"type":"if","locations":[{"start":{"line":334,"column":17},"end":{"line":346,"column":11}},{"start":{"line":336,"column":17},"end":{"line":346,"column":11}}],"line":334},"46":{"loc":{"start":{"line":336,"column":17},"end":{"line":346,"column":11}},"type":"if","locations":[{"start":{"line":336,"column":17},"end":{"line":346,"column":11}},{"start":{"line":342,"column":17},"end":{"line":346,"column":11}}],"line":336},"47":{"loc":{"start":{"line":339,"column":12},"end":{"line":341,"column":13}},"type":"if","locations":[{"start":{"line":339,"column":12},"end":{"line":341,"column":13}},{"start":{},"end":{}}],"line":339},"48":{"loc":{"start":{"line":342,"column":17},"end":{"line":346,"column":11}},"type":"if","locations":[{"start":{"line":342,"column":17},"end":{"line":346,"column":11}},{"start":{"line":344,"column":17},"end":{"line":346,"column":11}}],"line":342},"49":{"loc":{"start":{"line":344,"column":17},"end":{"line":346,"column":11}},"type":"if","locations":[{"start":{"line":344,"column":17},"end":{"line":346,"column":11}},{"start":{},"end":{}}],"line":344},"50":{"loc":{"start":{"line":355,"column":6},"end":{"line":357,"column":7}},"type":"if","locations":[{"start":{"line":355,"column":6},"end":{"line":357,"column":7}},{"start":{},"end":{}}],"line":355},"51":{"loc":{"start":{"line":360,"column":6},"end":{"line":371,"column":7}},"type":"if","locations":[{"start":{"line":360,"column":6},"end":{"line":371,"column":7}},{"start":{},"end":{}}],"line":360},"52":{"loc":{"start":{"line":386,"column":4},"end":{"line":390,"column":5}},"type":"if","locations":[{"start":{"line":386,"column":4},"end":{"line":390,"column":5}},{"start":{},"end":{}}],"line":386},"53":{"loc":{"start":{"line":395,"column":4},"end":{"line":397,"column":5}},"type":"if","locations":[{"start":{"line":395,"column":4},"end":{"line":397,"column":5}},{"start":{},"end":{}}],"line":395},"54":{"loc":{"start":{"line":402,"column":4},"end":{"line":402,"column":36}},"type":"if","locations":[{"start":{"line":402,"column":4},"end":{"line":402,"column":36}},{"start":{},"end":{}}],"line":402},"55":{"loc":{"start":{"line":402,"column":8},"end":{"line":402,"column":27}},"type":"binary-expr","locations":[{"start":{"line":402,"column":8},"end":{"line":402,"column":13}},{"start":{"line":402,"column":17},"end":{"line":402,"column":27}}],"line":402},"56":{"loc":{"start":{"line":407,"column":4},"end":{"line":493,"column":5}},"type":"if","locations":[{"start":{"line":407,"column":4},"end":{"line":493,"column":5}},{"start":{"line":490,"column":11},"end":{"line":493,"column":5}}],"line":407},"57":{"loc":{"start":{"line":407,"column":8},"end":{"line":407,"column":55}},"type":"binary-expr","locations":[{"start":{"line":407,"column":8},"end":{"line":407,"column":24}},{"start":{"line":407,"column":28},"end":{"line":407,"column":55}}],"line":407},"58":{"loc":{"start":{"line":416,"column":12},"end":{"line":423,"column":13}},"type":"if","locations":[{"start":{"line":416,"column":12},"end":{"line":423,"column":13}},{"start":{"line":418,"column":19},"end":{"line":423,"column":13}}],"line":416},"59":{"loc":{"start":{"line":431,"column":8},"end":{"line":438,"column":9}},"type":"if","locations":[{"start":{"line":431,"column":8},"end":{"line":438,"column":9}},{"start":{"line":434,"column":15},"end":{"line":438,"column":9}}],"line":431},"60":{"loc":{"start":{"line":431,"column":12},"end":{"line":431,"column":85}},"type":"binary-expr","locations":[{"start":{"line":431,"column":12},"end":{"line":431,"column":38}},{"start":{"line":431,"column":42},"end":{"line":431,"column":85}}],"line":431},"61":{"loc":{"start":{"line":436,"column":26},"end":{"line":436,"column":57}},"type":"binary-expr","locations":[{"start":{"line":436,"column":26},"end":{"line":436,"column":44}},{"start":{"line":436,"column":48},"end":{"line":436,"column":57}}],"line":436},"62":{"loc":{"start":{"line":443,"column":8},"end":{"line":447,"column":9}},"type":"if","locations":[{"start":{"line":443,"column":8},"end":{"line":447,"column":9}},{"start":{"line":445,"column":15},"end":{"line":447,"column":9}}],"line":443},"63":{"loc":{"start":{"line":450,"column":8},"end":{"line":459,"column":9}},"type":"if","locations":[{"start":{"line":450,"column":8},"end":{"line":459,"column":9}},{"start":{"line":453,"column":15},"end":{"line":459,"column":9}}],"line":450},"64":{"loc":{"start":{"line":453,"column":15},"end":{"line":459,"column":9}},"type":"if","locations":[{"start":{"line":453,"column":15},"end":{"line":459,"column":9}},{"start":{"line":456,"column":15},"end":{"line":459,"column":9}}],"line":453},"65":{"loc":{"start":{"line":463,"column":8},"end":{"line":468,"column":9}},"type":"if","locations":[{"start":{"line":463,"column":8},"end":{"line":468,"column":9}},{"start":{"line":466,"column":15},"end":{"line":468,"column":9}}],"line":463},"66":{"loc":{"start":{"line":497,"column":6},"end":{"line":500,"column":7}},"type":"if","locations":[{"start":{"line":497,"column":6},"end":{"line":500,"column":7}},{"start":{},"end":{}}],"line":497},"67":{"loc":{"start":{"line":506,"column":26},"end":{"line":506,"column":49}},"type":"binary-expr","locations":[{"start":{"line":506,"column":26},"end":{"line":506,"column":33}},{"start":{"line":506,"column":37},"end":{"line":506,"column":49}}],"line":506},"68":{"loc":{"start":{"line":507,"column":4},"end":{"line":507,"column":54}},"type":"if","locations":[{"start":{"line":507,"column":4},"end":{"line":507,"column":54}},{"start":{},"end":{}}],"line":507},"69":{"loc":{"start":{"line":507,"column":8},"end":{"line":507,"column":45}},"type":"binary-expr","locations":[{"start":{"line":507,"column":8},"end":{"line":507,"column":29}},{"start":{"line":507,"column":33},"end":{"line":507,"column":45}}],"line":507},"70":{"loc":{"start":{"line":525,"column":6},"end":{"line":553,"column":7}},"type":"if","locations":[{"start":{"line":525,"column":6},"end":{"line":553,"column":7}},{"start":{"line":532,"column":13},"end":{"line":553,"column":7}}],"line":525},"71":{"loc":{"start":{"line":525,"column":10},"end":{"line":525,"column":71}},"type":"binary-expr","locations":[{"start":{"line":525,"column":10},"end":{"line":525,"column":23}},{"start":{"line":525,"column":27},"end":{"line":525,"column":71}}],"line":525},"72":{"loc":{"start":{"line":543,"column":8},"end":{"line":543,"column":69}},"type":"if","locations":[{"start":{"line":543,"column":8},"end":{"line":543,"column":69}},{"start":{},"end":{}}],"line":543},"73":{"loc":{"start":{"line":548,"column":19},"end":{"line":548,"column":64}},"type":"binary-expr","locations":[{"start":{"line":548,"column":19},"end":{"line":548,"column":32}},{"start":{"line":548,"column":36},"end":{"line":548,"column":64}}],"line":548},"74":{"loc":{"start":{"line":552,"column":8},"end":{"line":552,"column":74}},"type":"if","locations":[{"start":{"line":552,"column":8},"end":{"line":552,"column":74}},{"start":{},"end":{}}],"line":552},"75":{"loc":{"start":{"line":570,"column":4},"end":{"line":573,"column":5}},"type":"if","locations":[{"start":{"line":570,"column":4},"end":{"line":573,"column":5}},{"start":{},"end":{}}],"line":570},"76":{"loc":{"start":{"line":570,"column":8},"end":{"line":570,"column":40}},"type":"binary-expr","locations":[{"start":{"line":570,"column":8},"end":{"line":570,"column":25}},{"start":{"line":570,"column":29},"end":{"line":570,"column":40}}],"line":570},"77":{"loc":{"start":{"line":582,"column":4},"end":{"line":582,"column":46}},"type":"if","locations":[{"start":{"line":582,"column":4},"end":{"line":582,"column":46}},{"start":{},"end":{}}],"line":582},"78":{"loc":{"start":{"line":583,"column":4},"end":{"line":583,"column":46}},"type":"if","locations":[{"start":{"line":583,"column":4},"end":{"line":583,"column":46}},{"start":{},"end":{}}],"line":583},"79":{"loc":{"start":{"line":588,"column":4},"end":{"line":592,"column":5}},"type":"if","locations":[{"start":{"line":588,"column":4},"end":{"line":592,"column":5}},{"start":{},"end":{}}],"line":588},"80":{"loc":{"start":{"line":595,"column":6},"end":{"line":608,"column":7}},"type":"if","locations":[{"start":{"line":595,"column":6},"end":{"line":608,"column":7}},{"start":{"line":599,"column":13},"end":{"line":608,"column":7}}],"line":595},"81":{"loc":{"start":{"line":602,"column":8},"end":{"line":607,"column":9}},"type":"if","locations":[{"start":{"line":602,"column":8},"end":{"line":607,"column":9}},{"start":{"line":605,"column":15},"end":{"line":607,"column":9}}],"line":602},"82":{"loc":{"start":{"line":602,"column":12},"end":{"line":602,"column":50}},"type":"binary-expr","locations":[{"start":{"line":602,"column":12},"end":{"line":602,"column":34}},{"start":{"line":602,"column":38},"end":{"line":602,"column":50}}],"line":602},"83":{"loc":{"start":{"line":614,"column":6},"end":{"line":623,"column":7}},"type":"if","locations":[{"start":{"line":614,"column":6},"end":{"line":623,"column":7}},{"start":{},"end":{}}],"line":614},"84":{"loc":{"start":{"line":629,"column":6},"end":{"line":632,"column":7}},"type":"if","locations":[{"start":{"line":629,"column":6},"end":{"line":632,"column":7}},{"start":{},"end":{}}],"line":629},"85":{"loc":{"start":{"line":643,"column":43},"end":{"line":643,"column":82}},"type":"cond-expr","locations":[{"start":{"line":643,"column":58},"end":{"line":643,"column":67}},{"start":{"line":643,"column":70},"end":{"line":643,"column":82}}],"line":643},"86":{"loc":{"start":{"line":646,"column":4},"end":{"line":648,"column":5}},"type":"if","locations":[{"start":{"line":646,"column":4},"end":{"line":648,"column":5}},{"start":{},"end":{}}],"line":646},"87":{"loc":{"start":{"line":653,"column":4},"end":{"line":657,"column":5}},"type":"if","locations":[{"start":{"line":653,"column":4},"end":{"line":657,"column":5}},{"start":{"line":655,"column":11},"end":{"line":657,"column":5}}],"line":653},"88":{"loc":{"start":{"line":653,"column":8},"end":{"line":653,"column":60}},"type":"binary-expr","locations":[{"start":{"line":653,"column":8},"end":{"line":653,"column":28}},{"start":{"line":653,"column":32},"end":{"line":653,"column":60}}],"line":653},"89":{"loc":{"start":{"line":665,"column":4},"end":{"line":673,"column":5}},"type":"if","locations":[{"start":{"line":665,"column":4},"end":{"line":673,"column":5}},{"start":{"line":668,"column":11},"end":{"line":673,"column":5}}],"line":665},"90":{"loc":{"start":{"line":668,"column":11},"end":{"line":673,"column":5}},"type":"if","locations":[{"start":{"line":668,"column":11},"end":{"line":673,"column":5}},{"start":{},"end":{}}],"line":668},"91":{"loc":{"start":{"line":670,"column":6},"end":{"line":672,"column":7}},"type":"if","locations":[{"start":{"line":670,"column":6},"end":{"line":672,"column":7}},{"start":{},"end":{}}],"line":670},"92":{"loc":{"start":{"line":677,"column":4},"end":{"line":680,"column":5}},"type":"if","locations":[{"start":{"line":677,"column":4},"end":{"line":680,"column":5}},{"start":{},"end":{}}],"line":677},"93":{"loc":{"start":{"line":683,"column":4},"end":{"line":687,"column":5}},"type":"if","locations":[{"start":{"line":683,"column":4},"end":{"line":687,"column":5}},{"start":{"line":685,"column":11},"end":{"line":687,"column":5}}],"line":683},"94":{"loc":{"start":{"line":686,"column":17},"end":{"line":686,"column":95}},"type":"cond-expr","locations":[{"start":{"line":686,"column":44},"end":{"line":686,"column":70}},{"start":{"line":686,"column":73},"end":{"line":686,"column":95}}],"line":686},"95":{"loc":{"start":{"line":695,"column":4},"end":{"line":699,"column":5}},"type":"if","locations":[{"start":{"line":695,"column":4},"end":{"line":699,"column":5}},{"start":{},"end":{}}],"line":695},"96":{"loc":{"start":{"line":751,"column":37},"end":{"line":751,"column":85}},"type":"cond-expr","locations":[{"start":{"line":751,"column":72},"end":{"line":751,"column":80}},{"start":{"line":751,"column":83},"end":{"line":751,"column":85}}],"line":751},"97":{"loc":{"start":{"line":760,"column":37},"end":{"line":760,"column":81}},"type":"cond-expr","locations":[{"start":{"line":760,"column":68},"end":{"line":760,"column":76}},{"start":{"line":760,"column":79},"end":{"line":760,"column":81}}],"line":760},"98":{"loc":{"start":{"line":769,"column":37},"end":{"line":769,"column":84}},"type":"cond-expr","locations":[{"start":{"line":769,"column":71},"end":{"line":769,"column":79}},{"start":{"line":769,"column":82},"end":{"line":769,"column":84}}],"line":769},"99":{"loc":{"start":{"line":780,"column":11},"end":{"line":808,"column":11}},"type":"binary-expr","locations":[{"start":{"line":780,"column":11},"end":{"line":780,"column":37}},{"start":{"line":781,"column":12},"end":{"line":807,"column":18}}],"line":780},"100":{"loc":{"start":{"line":792,"column":50},"end":{"line":792,"column":108}},"type":"binary-expr","locations":[{"start":{"line":792,"column":50},"end":{"line":792,"column":91}},{"start":{"line":792,"column":95},"end":{"line":792,"column":108}}],"line":792},"101":{"loc":{"start":{"line":793,"column":17},"end":{"line":793,"column":107}},"type":"cond-expr","locations":[{"start":{"line":793,"column":46},"end":{"line":793,"column":99}},{"start":{"line":793,"column":102},"end":{"line":793,"column":107}}],"line":793},"102":{"loc":{"start":{"line":795,"column":24},"end":{"line":795,"column":95}},"type":"binary-expr","locations":[{"start":{"line":795,"column":24},"end":{"line":795,"column":83}},{"start":{"line":795,"column":87},"end":{"line":795,"column":95}}],"line":795},"103":{"loc":{"start":{"line":811,"column":43},"end":{"line":811,"column":104}},"type":"cond-expr","locations":[{"start":{"line":811,"column":76},"end":{"line":811,"column":87}},{"start":{"line":811,"column":90},"end":{"line":811,"column":104}}],"line":811},"104":{"loc":{"start":{"line":811,"column":44},"end":{"line":811,"column":72}},"type":"binary-expr","locations":[{"start":{"line":811,"column":44},"end":{"line":811,"column":57}},{"start":{"line":811,"column":61},"end":{"line":811,"column":72}}],"line":811},"105":{"loc":{"start":{"line":814,"column":13},"end":{"line":822,"column":13}},"type":"binary-expr","locations":[{"start":{"line":814,"column":13},"end":{"line":814,"column":24}},{"start":{"line":815,"column":14},"end":{"line":821,"column":27}}],"line":814},"106":{"loc":{"start":{"line":824,"column":13},"end":{"line":832,"column":13}},"type":"binary-expr","locations":[{"start":{"line":824,"column":13},"end":{"line":824,"column":23}},{"start":{"line":825,"column":14},"end":{"line":831,"column":27}}],"line":824},"107":{"loc":{"start":{"line":838,"column":7},"end":{"line":852,"column":7}},"type":"binary-expr","locations":[{"start":{"line":838,"column":8},"end":{"line":838,"column":22}},{"start":{"line":838,"column":26},"end":{"line":838,"column":38}},{"start":{"line":839,"column":8},"end":{"line":851,"column":14}}],"line":838},"108":{"loc":{"start":{"line":839,"column":45},"end":{"line":839,"column":84}},"type":"cond-expr","locations":[{"start":{"line":839,"column":61},"end":{"line":839,"column":72}},{"start":{"line":839,"column":75},"end":{"line":839,"column":84}}],"line":839},"109":{"loc":{"start":{"line":841,"column":13},"end":{"line":843,"column":47}},"type":"cond-expr","locations":[{"start":{"line":841,"column":45},"end":{"line":841,"column":90}},{"start":{"line":842,"column":13},"end":{"line":843,"column":47}}],"line":841},"110":{"loc":{"start":{"line":841,"column":13},"end":{"line":841,"column":42}},"type":"binary-expr","locations":[{"start":{"line":841,"column":13},"end":{"line":841,"column":26}},{"start":{"line":841,"column":30},"end":{"line":841,"column":42}}],"line":841},"111":{"loc":{"start":{"line":842,"column":13},"end":{"line":843,"column":47}},"type":"cond-expr","locations":[{"start":{"line":842,"column":45},"end":{"line":842,"column":84}},{"start":{"line":843,"column":13},"end":{"line":843,"column":47}}],"line":842},"112":{"loc":{"start":{"line":842,"column":13},"end":{"line":842,"column":42}},"type":"binary-expr","locations":[{"start":{"line":842,"column":13},"end":{"line":842,"column":27}},{"start":{"line":842,"column":31},"end":{"line":842,"column":42}}],"line":842},"113":{"loc":{"start":{"line":847,"column":13},"end":{"line":849,"column":13}},"type":"binary-expr","locations":[{"start":{"line":847,"column":13},"end":{"line":847,"column":27}},{"start":{"line":848,"column":14},"end":{"line":848,"column":130}}],"line":847},"114":{"loc":{"start":{"line":858,"column":13},"end":{"line":972,"column":13}},"type":"cond-expr","locations":[{"start":{"line":859,"column":14},"end":{"line":898,"column":27}},{"start":{"line":900,"column":14},"end":{"line":971,"column":17}}],"line":858},"115":{"loc":{"start":{"line":887,"column":22},"end":{"line":889,"column":52}},"type":"cond-expr","locations":[{"start":{"line":887,"column":57},"end":{"line":887,"column":78}},{"start":{"line":888,"column":22},"end":{"line":889,"column":52}}],"line":887},"116":{"loc":{"start":{"line":888,"column":22},"end":{"line":889,"column":52}},"type":"cond-expr","locations":[{"start":{"line":888,"column":56},"end":{"line":888,"column":77}},{"start":{"line":889,"column":22},"end":{"line":889,"column":52}}],"line":888},"117":{"loc":{"start":{"line":904,"column":61},"end":{"line":904,"column":87}},"type":"cond-expr","locations":[{"start":{"line":904,"column":75},"end":{"line":904,"column":82}},{"start":{"line":904,"column":85},"end":{"line":904,"column":87}}],"line":904},"118":{"loc":{"start":{"line":911,"column":23},"end":{"line":921,"column":23}},"type":"cond-expr","locations":[{"start":{"line":912,"column":24},"end":{"line":912,"column":60}},{"start":{"line":914,"column":24},"end":{"line":920,"column":37}}],"line":911},"119":{"loc":{"start":{"line":927,"column":27},"end":{"line":927,"column":71}},"type":"cond-expr","locations":[{"start":{"line":927,"column":49},"end":{"line":927,"column":55}},{"start":{"line":927,"column":58},"end":{"line":927,"column":71}}],"line":927},"120":{"loc":{"start":{"line":941,"column":17},"end":{"line":968,"column":17}},"type":"binary-expr","locations":[{"start":{"line":941,"column":17},"end":{"line":941,"column":26}},{"start":{"line":942,"column":18},"end":{"line":967,"column":31}}],"line":941},"121":{"loc":{"start":{"line":986,"column":11},"end":{"line":1076,"column":11}},"type":"binary-expr","locations":[{"start":{"line":986,"column":11},"end":{"line":986,"column":43}},{"start":{"line":987,"column":12},"end":{"line":1075,"column":18}}],"line":986},"122":{"loc":{"start":{"line":994,"column":18},"end":{"line":996,"column":52}},"type":"cond-expr","locations":[{"start":{"line":994,"column":33},"end":{"line":994,"column":58}},{"start":{"line":995,"column":18},"end":{"line":996,"column":52}}],"line":994},"123":{"loc":{"start":{"line":995,"column":18},"end":{"line":996,"column":52}},"type":"cond-expr","locations":[{"start":{"line":995,"column":52},"end":{"line":995,"column":76}},{"start":{"line":996,"column":18},"end":{"line":996,"column":52}}],"line":995},"124":{"loc":{"start":{"line":1005,"column":15},"end":{"line":1017,"column":15}},"type":"binary-expr","locations":[{"start":{"line":1005,"column":15},"end":{"line":1005,"column":25}},{"start":{"line":1006,"column":16},"end":{"line":1016,"column":32}}],"line":1005},"125":{"loc":{"start":{"line":1023,"column":26},"end":{"line":1023,"column":103}},"type":"binary-expr","locations":[{"start":{"line":1023,"column":26},"end":{"line":1023,"column":38}},{"start":{"line":1023,"column":42},"end":{"line":1023,"column":103}}],"line":1023},"126":{"loc":{"start":{"line":1035,"column":57},"end":{"line":1035,"column":82}},"type":"cond-expr","locations":[{"start":{"line":1035,"column":69},"end":{"line":1035,"column":77}},{"start":{"line":1035,"column":80},"end":{"line":1035,"column":82}}],"line":1035},"127":{"loc":{"start":{"line":1039,"column":47},"end":{"line":1039,"column":71}},"type":"cond-expr","locations":[{"start":{"line":1039,"column":59},"end":{"line":1039,"column":63}},{"start":{"line":1039,"column":66},"end":{"line":1039,"column":71}}],"line":1039},"128":{"loc":{"start":{"line":1043,"column":17},"end":{"line":1043,"column":40}},"type":"cond-expr","locations":[{"start":{"line":1043,"column":29},"end":{"line":1043,"column":33}},{"start":{"line":1043,"column":36},"end":{"line":1043,"column":40}}],"line":1043},"129":{"loc":{"start":{"line":1049,"column":52},"end":{"line":1049,"column":82}},"type":"cond-expr","locations":[{"start":{"line":1049,"column":66},"end":{"line":1049,"column":77}},{"start":{"line":1049,"column":80},"end":{"line":1049,"column":82}}],"line":1049},"130":{"loc":{"start":{"line":1050,"column":28},"end":{"line":1050,"column":75}},"type":"binary-expr","locations":[{"start":{"line":1050,"column":28},"end":{"line":1050,"column":40}},{"start":{"line":1050,"column":44},"end":{"line":1050,"column":75}}],"line":1050},"131":{"loc":{"start":{"line":1054,"column":20},"end":{"line":1055,"column":43}},"type":"cond-expr","locations":[{"start":{"line":1054,"column":54},"end":{"line":1054,"column":84}},{"start":{"line":1055,"column":20},"end":{"line":1055,"column":43}}],"line":1054},"132":{"loc":{"start":{"line":1060,"column":19},"end":{"line":1060,"column":44}},"type":"cond-expr","locations":[{"start":{"line":1060,"column":33},"end":{"line":1060,"column":37}},{"start":{"line":1060,"column":40},"end":{"line":1060,"column":44}}],"line":1060},"133":{"loc":{"start":{"line":1065,"column":28},"end":{"line":1065,"column":64}},"type":"binary-expr","locations":[{"start":{"line":1065,"column":28},"end":{"line":1065,"column":40}},{"start":{"line":1065,"column":44},"end":{"line":1065,"column":64}}],"line":1065},"134":{"loc":{"start":{"line":1066,"column":53},"end":{"line":1066,"column":103}},"type":"cond-expr","locations":[{"start":{"line":1066,"column":90},"end":{"line":1066,"column":98}},{"start":{"line":1066,"column":101},"end":{"line":1066,"column":103}}],"line":1066},"135":{"loc":{"start":{"line":1066,"column":53},"end":{"line":1066,"column":87}},"type":"binary-expr","locations":[{"start":{"line":1066,"column":53},"end":{"line":1066,"column":72}},{"start":{"line":1066,"column":76},"end":{"line":1066,"column":87}}],"line":1066},"136":{"loc":{"start":{"line":1079,"column":11},"end":{"line":1132,"column":11}},"type":"binary-expr","locations":[{"start":{"line":1079,"column":11},"end":{"line":1079,"column":43}},{"start":{"line":1080,"column":12},"end":{"line":1131,"column":18}}],"line":1079},"137":{"loc":{"start":{"line":1082,"column":17},"end":{"line":1093,"column":17}},"type":"binary-expr","locations":[{"start":{"line":1082,"column":17},"end":{"line":1082,"column":27}},{"start":{"line":1083,"column":18},"end":{"line":1092,"column":34}}],"line":1082},"138":{"loc":{"start":{"line":1099,"column":28},"end":{"line":1099,"column":105}},"type":"binary-expr","locations":[{"start":{"line":1099,"column":28},"end":{"line":1099,"column":40}},{"start":{"line":1099,"column":44},"end":{"line":1099,"column":105}}],"line":1099},"139":{"loc":{"start":{"line":1110,"column":74},"end":{"line":1110,"column":99}},"type":"cond-expr","locations":[{"start":{"line":1110,"column":86},"end":{"line":1110,"column":94}},{"start":{"line":1110,"column":97},"end":{"line":1110,"column":99}}],"line":1110},"140":{"loc":{"start":{"line":1114,"column":49},"end":{"line":1114,"column":73}},"type":"cond-expr","locati
[...]
art":{"line":334,"column":35},"end":{"line":334,"column":69}},"111":{"start":{"line":342,"column":42},"end":{"line":363,"column":1}},"112":{"start":{"line":343,"column":2},"end":{"line":343,"column":25}},"113":{"start":{"line":343,"column":18},"end":{"line":343,"column":25}},"114":{"start":{"line":345,"column":23},"end":{"line":345,"column":25}},"115":{"start":{"line":346,"column":19},"end":{"line":346,"column":24}},"116":{"start":{"line":348,"column":2},"end":{"line":356,"column":3}},"117":{"start":{"line":349,"column":4},"end":{"line":355,"column":5}},"118":{"start":{"line":350,"column":6},"end":{"line":353,"column":8}},"119":{"start":{"line":354,"column":6},"end":{"line":354,"column":24}},"120":{"start":{"line":358,"column":2},"end":{"line":362,"column":3}},"121":{"start":{"line":359,"column":4},"end":{"line":359,"column":64}},"122":{"start":{"line":361,"column":4},"end":{"line":361,"column":70}},"123":{"start":{"line":373,"column":30},"end":{"line":398,"column":1}},"124":{"start":{"line":374,"column":22},"end":{"line":374,"column":47}},"125":{"start":{"line":375,"column":21},"end":{"line":375,"column":72}},"126":{"start":{"line":376,"column":19},"end":{"line":379,"column":3}},"127":{"start":{"line":381,"column":23},"end":{"line":389,"column":5}},"128":{"start":{"line":381,"column":83},"end":{"line":389,"column":3}},"129":{"start":{"line":391,"column":2},"end":{"line":397,"column":4}},"130":{"start":{"line":405,"column":4},"end":{"line":405,"column":31}},"131":{"start":{"line":416,"column":16},"end":{"line":416,"column":68}},"132":{"start":{"line":419,"column":29},"end":{"line":422,"column":5}},"133":{"start":{"line":424,"column":4},"end":{"line":424,"column":63}},"134":{"start":{"line":426,"column":4},"end":{"line":431,"column":7}},"135":{"start":{"line":441,"column":16},"end":{"line":441,"column":68}},"136":{"start":{"line":442,"column":21},"end":{"line":442,"column":44}},"137":{"start":{"line":444,"column":4},"end":{"line":447,"column":5}},"138":{"start":{"line":445,"column":6},"end":{"line":445,"column":95}},"139":{"start":{"line":446,"column":6},"end":{"line":446,"column":33}},"140":{"start":{"line":454,"column":4},"end":{"line":456,"column":5}},"141":{"start":{"line":455,"column":6},"end":{"line":455,"column":95}},"142":{"start":{"line":457,"column":4},"end":{"line":457,"column":27}},"143":{"start":{"line":465,"column":4},"end":{"line":468,"column":6}},"144":{"start":{"line":472,"column":19},"end":{"line":472,"column":21}},"145":{"start":{"line":473,"column":4},"end":{"line":478,"column":5}},"146":{"start":{"line":474,"column":6},"end":{"line":476,"column":7}},"147":{"start":{"line":475,"column":8},"end":{"line":475,"column":35}},"148":{"start":{"line":477,"column":6},"end":{"line":477,"column":31}},"149":{"start":{"line":479,"column":4},"end":{"line":479,"column":18}},"150":{"start":{"line":486,"column":28},"end":{"line":486,"column":55}}},"fnMap":{"0":{"name":"(anonymous_0)","decl":{"start":{"line":12,"column":24},"end":{"line":12,"column":25}},"loc":{"start":{"line":12,"column":47},"end":{"line":42,"column":1}},"line":12},"1":{"name":"(anonymous_1)","decl":{"start":{"line":17,"column":28},"end":{"line":17,"column":29}},"loc":{"start":{"line":17,"column":46},"end":{"line":26,"column":3}},"line":17},"2":{"name":"(anonymous_2)","decl":{"start":{"line":23,"column":27},"end":{"line":23,"column":28}},"loc":{"start":{"line":23,"column":33},"end":{"line":25,"column":5}},"line":23},"3":{"name":"(anonymous_3)","decl":{"start":{"line":29,"column":29},"end":{"line":29,"column":30}},"loc":{"start":{"line":29,"column":35},"end":{"line":31,"column":3}},"line":29},"4":{"name":"(anonymous_4)","decl":{"start":{"line":34,"column":28},"end":{"line":34,"column":29}},"loc":{"start":{"line":34,"column":34},"end":{"line":39,"column":3}},"line":34},"5":{"name":"(anonymous_5)","decl":{"start":{"line":50,"column":24},"end":{"line":50,"column":25}},"loc":{"start":{"line":50,"column":47},"end":{"line":72,"column":1}},"line":50},"6":{"name":"(anonymous_6)","decl":{"start":{"line":55,"column":9},"end":{"line":55,"column":10}},"loc":{"start":{"line":55,"column":27},"end":{"line":71,"column":3}},"line":55},"7":{"name":"(anonymous_7)","decl":{"start":{"line":64,"column":28},"end":{"line":64,"column":29}},"loc":{"start":{"line":64,"column":34},"end":{"line":69,"column":7}},"line":64},"8":{"name":"(anonymous_8)","decl":{"start":{"line":78,"column":2},"end":{"line":78,"column":3}},"loc":{"start":{"line":78,"column":43},"end":{"line":83,"column":3}},"line":78},"9":{"name":"(anonymous_9)","decl":{"start":{"line":90,"column":2},"end":{"line":90,"column":3}},"loc":{"start":{"line":90,"column":11},"end":{"line":101,"column":3}},"line":90},"10":{"name":"(anonymous_10)","decl":{"start":{"line":108,"column":2},"end":{"line":108,"column":3}},"loc":{"start":{"line":108,"column":18},"end":{"line":131,"column":3}},"line":108},"11":{"name":"(anonymous_11)","decl":{"start":{"line":126,"column":29},"end":{"line":126,"column":30}},"loc":{"start":{"line":126,"column":35},"end":{"line":128,"column":5}},"line":126},"12":{"name":"(anonymous_12)","decl":{"start":{"line":137,"column":2},"end":{"line":137,"column":3}},"loc":{"start":{"line":137,"column":14},"end":{"line":143,"column":3}},"line":137},"13":{"name":"(anonymous_13)","decl":{"start":{"line":148,"column":2},"end":{"line":148,"column":3}},"loc":{"start":{"line":148,"column":10},"end":{"line":152,"column":3}},"line":148},"14":{"name":"(anonymous_14)","decl":{"start":{"line":150,"column":24},"end":{"line":150,"column":25}},"loc":{"start":{"line":150,"column":33},"end":{"line":150,"column":52}},"line":150},"15":{"name":"(anonymous_15)","decl":{"start":{"line":158,"column":2},"end":{"line":158,"column":3}},"loc":{"start":{"line":158,"column":10},"end":{"line":165,"column":3}},"line":158},"16":{"name":"(anonymous_16)","decl":{"start":{"line":167,"column":2},"end":{"line":167,"column":3}},"loc":{"start":{"line":167,"column":22},"end":{"line":170,"column":3}},"line":167},"17":{"name":"(anonymous_17)","decl":{"start":{"line":172,"column":2},"end":{"line":172,"column":3}},"loc":{"start":{"line":172,"column":20},"end":{"line":184,"column":3}},"line":172},"18":{"name":"(anonymous_18)","decl":{"start":{"line":199,"column":32},"end":{"line":199,"column":33}},"loc":{"start":{"line":199,"column":65},"end":{"line":213,"column":1}},"line":199},"19":{"name":"(anonymous_19)","decl":{"start":{"line":221,"column":32},"end":{"line":221,"column":33}},"loc":{"start":{"line":221,"column":55},"end":{"line":246,"column":1}},"line":221},"20":{"name":"(anonymous_20)","decl":{"start":{"line":252,"column":2},"end":{"line":252,"column":3}},"loc":{"start":{"line":252,"column":16},"end":{"line":254,"column":3}},"line":252},"21":{"name":"(anonymous_21)","decl":{"start":{"line":261,"column":2},"end":{"line":261,"column":3}},"loc":{"start":{"line":261,"column":45},"end":{"line":268,"column":3}},"line":261},"22":{"name":"(anonymous_22)","decl":{"start":{"line":276,"column":2},"end":{"line":276,"column":3}},"loc":{"start":{"line":276,"column":43},"end":{"line":296,"column":3}},"line":276},"23":{"name":"(anonymous_23)","decl":{"start":{"line":304,"column":2},"end":{"line":304,"column":3}},"loc":{"start":{"line":304,"column":47},"end":{"line":317,"column":3}},"line":304},"24":{"name":"(anonymous_24)","decl":{"start":{"line":305,"column":11},"end":{"line":305,"column":12}},"loc":{"start":{"line":305,"column":49},"end":{"line":316,"column":5}},"line":305},"25":{"name":"(anonymous_25)","decl":{"start":{"line":308,"column":25},"end":{"line":308,"column":26}},"loc":{"start":{"line":308,"column":43},"end":{"line":313,"column":7}},"line":308},"26":{"name":"(anonymous_26)","decl":{"start":{"line":323,"column":2},"end":{"line":323,"column":3}},"loc":{"start":{"line":323,"column":13},"end":{"line":328,"column":3}},"line":323},"27":{"name":"(anonymous_27)","decl":{"start":{"line":342,"column":42},"end":{"line":342,"column":43}},"loc":{"start":{"line":342,"column":79},"end":{"line":363,"column":1}},"line":342},"28":{"name":"(anonymous_28)","decl":{"start":{"line":373,"column":30},"end":{"line":373,"column":31}},"loc":{"start":{"line":373,"column":85},"end":{"line":398,"column":1}},"line":373},"29":{"name":"(anonymous_29)","decl":{"start":{"line":381,"column":65},"end":{"line":381,"column":66}},"loc":{"start":{"line":381,"column":83},"end":{"line":389,"column":3}},"line":381},"30":{"name":"(anonymous_30)","decl":{"start":{"line":404,"column":2},"end":{"line":404,"column":3}},"loc":{"start":{"line":404,"column":16},"end":{"line":406,"column":3}},"line":404},"31":{"name":"(anonymous_31)","decl":{"start":{"line":415,"column":2},"end":{"line":415,"column":3}},"loc":{"start":{"line":415,"column":58},"end":{"line":432,"column":3}},"line":415},"32":{"name":"(anonymous_32)","decl":{"start":{"line":440,"column":2},"end":{"line":440,"column":3}},"loc":{"start":{"line":440,"column":47},"end":{"line":448,"column":3}},"line":440},"33":{"name":"(anonymous_33)","decl":{"start":{"line":453,"column":2},"end":{"line":453,"column":3}},"loc":{"start":{"line":453,"column":12},"end":{"line":458,"column":3}},"line":453},"34":{"name":"(anonymous_34)","decl":{"start":{"line":464,"column":2},"end":{"line":464,"column":3}},"loc":{"start":{"line":464,"column":13},"end":{"line":469,"column":3}},"line":464},"35":{"name":"(anonymous_35)","decl":{"start":{"line":471,"column":2},"end":{"line":471,"column":3}},"loc":{"start":{"line":471,"column":18},"end":{"line":480,"column":3}},"line":471}},"branchMap":{"0":{"loc":{"start":{"line":12,"column":31},"end":{"line":12,"column":42}},"type":"default-arg","locations":[{"start":{"line":12,"column":39},"end":{"line":12,"column":42}}],"line":12},"1":{"loc":{"start":{"line":36,"column":4},"end":{"line":38,"column":5}},"type":"if","locations":[{"start":{"line":36,"column":4},"end":{"line":38,"column":5}},{"start":{},"end":{}}],"line":36},"2":{"loc":{"start":{"line":50,"column":31},"end":{"line":50,"column":42}},"type":"default-arg","locations":[{"start":{"line":50,"column":39},"end":{"line":50,"column":42}}],"line":50},"3":{"loc":{"start":{"line":58,"column":4},"end":{"line":70,"column":5}},"type":"if","locations":[{"start":{"line":58,"column":4},"end":{"line":70,"column":5}},{"start":{"line":62,"column":11},"end":{"line":70,"column":5}}],"line":58},"4":{"loc":{"start":{"line":65,"column":8},"end":{"line":68,"column":9}},"type":"if","locations":[{"start":{"line":65,"column":8},"end":{"line":68,"column":9}},{"start":{},"end":{}}],"line":65},"5":{"loc":{"start":{"line":78,"column":14},"end":{"line":78,"column":27}},"type":"default-arg","locations":[{"start":{"line":78,"column":24},"end":{"line":78,"column":27}}],"line":78},"6":{"loc":{"start":{"line":78,"column":29},"end":{"line":78,"column":41}},"type":"default-arg","locations":[{"start":{"line":78,"column":35},"end":{"line":78,"column":41}}],"line":78},"7":{"loc":{"start":{"line":92,"column":4},"end":{"line":99,"column":5}},"type":"if","locations":[{"start":{"line":92,"column":4},"end":{"line":99,"column":5}},{"start":{},"end":{}}],"line":92},"8":{"loc":{"start":{"line":94,"column":6},"end":{"line":97,"column":7}},"type":"if","locations":[{"start":{"line":94,"column":6},"end":{"line":97,"column":7}},{"start":{},"end":{}}],"line":94},"9":{"loc":{"start":{"line":110,"column":4},"end":{"line":113,"column":5}},"type":"if","locations":[{"start":{"line":110,"column":4},"end":{"line":113,"column":5}},{"start":{},"end":{}}],"line":110},"10":{"loc":{"start":{"line":110,"column":8},"end":{"line":110,"column":63}},"type":"binary-expr","locations":[{"start":{"line":110,"column":8},"end":{"line":110,"column":39}},{"start":{"line":110,"column":43},"end":{"line":110,"column":63}}],"line":110},"11":{"loc":{"start":{"line":122,"column":4},"end":{"line":124,"column":5}},"type":"if","locations":[{"start":{"line":122,"column":4},"end":{"line":124,"column":5}},{"start":{},"end":{}}],"line":122},"12":{"loc":{"start":{"line":139,"column":4},"end":{"line":142,"column":5}},"type":"if","locations":[{"start":{"line":139,"column":4},"end":{"line":142,"column":5}},{"start":{},"end":{}}],"line":139},"13":{"loc":{"start":{"line":169,"column":11},"end":{"line":169,"column":69}},"type":"cond-expr","locations":[{"start":{"line":169,"column":34},"end":{"line":169,"column":64}},{"start":{"line":169,"column":68},"end":{"line":169,"column":69}}],"line":169},"14":{"loc":{"start":{"line":177,"column":6},"end":{"line":180,"column":7}},"type":"if","locations":[{"start":{"line":177,"column":6},"end":{"line":180,"column":7}},{"start":{},"end":{}}],"line":177},"15":{"loc":{"start":{"line":200,"column":14},"end":{"line":200,"column":46}},"type":"binary-expr","locations":[{"start":{"line":200,"column":14},"end":{"line":200,"column":22}},{"start":{"line":200,"column":26},"end":{"line":200,"column":46}}],"line":200},"16":{"loc":{"start":{"line":204,"column":2},"end":{"line":206,"column":3}},"type":"if","locations":[{"start":{"line":204,"column":2},"end":{"line":206,"column":3}},{"start":{},"end":{}}],"line":204},"17":{"loc":{"start":{"line":221,"column":38},"end":{"line":221,"column":50}},"type":"default-arg","locations":[{"start":{"line":221,"column":48},"end":{"line":221,"column":50}}],"line":221},"18":{"loc":{"start":{"line":225,"column":4},"end":{"line":225,"column":16}},"type":"default-arg","locations":[{"start":{"line":225,"column":14},"end":{"line":225,"column":16}}],"line":225},"19":{"loc":{"start":{"line":226,"column":4},"end":{"line":226,"column":19}},"type":"default-arg","locations":[{"start":{"line":226,"column":13},"end":{"line":226,"column":19}}],"line":226},"20":{"loc":{"start":{"line":227,"column":4},"end":{"line":227,"column":19}},"type":"default-arg","locations":[{"start":{"line":227,"column":15},"end":{"line":227,"column":19}}],"line":227},"21":{"loc":{"start":{"line":231,"column":2},"end":{"line":233,"column":3}},"type":"if","locations":[{"start":{"line":231,"column":2},"end":{"line":233,"column":3}},{"start":{},"end":{}}],"line":231},"22":{"loc":{"start":{"line":239,"column":2},"end":{"line":239,"column":39}},"type":"if","locations":[{"start":{"line":239,"column":2},"end":{"line":239,"column":39}},{"start":{},"end":{}}],"line":239},"23":{"loc":{"start":{"line":240,"column":2},"end":{"line":240,"column":41}},"type":"if","locations":[{"start":{"line":240,"column":2},"end":{"line":240,"column":41}},{"start":{},"end":{}}],"line":240},"24":{"loc":{"start":{"line":241,"column":2},"end":{"line":241,"column":43}},"type":"if","locations":[{"start":{"line":241,"column":2},"end":{"line":241,"column":43}},{"start":{},"end":{}}],"line":241},"25":{"loc":{"start":{"line":242,"column":2},"end":{"line":242,"column":41}},"type":"if","locations":[{"start":{"line":242,"column":2},"end":{"line":242,"column":41}},{"start":{},"end":{}}],"line":242},"26":{"loc":{"start":{"line":245,"column":9},"end":{"line":245,"column":64}},"type":"cond-expr","locations":[{"start":{"line":245,"column":29},"end":{"line":245,"column":58}},{"start":{"line":245,"column":61},"end":{"line":245,"column":64}}],"line":245},"27":{"loc":{"start":{"line":261,"column":23},"end":{"line":261,"column":43}},"type":"default-arg","locations":[{"start":{"line":261,"column":35},"end":{"line":261,"column":43}}],"line":261},"28":{"loc":{"start":{"line":276,"column":21},"end":{"line":276,"column":41}},"type":"default-arg","locations":[{"start":{"line":276,"column":33},"end":{"line":276,"column":41}}],"line":276},"29":{"loc":{"start":{"line":280,"column":4},"end":{"line":283,"column":5}},"type":"if","locations":[{"start":{"line":280,"column":4},"end":{"line":283,"column":5}},{"start":{},"end":{}}],"line":280},"30":{"loc":{"start":{"line":289,"column":4},"end":{"line":293,"column":5}},"type":"if","locations":[{"start":{"line":289,"column":4},"end":{"line":293,"column":5}},{"start":{"line":291,"column":11},"end":{"line":293,"column":5}}],"line":289},"31":{"loc":{"start":{"line":291,"column":11},"end":{"line":293,"column":5}},"type":"if","locations":[{"start":{"line":291,"column":11},"end":{"line":293,"column":5}},{"start":{},"end":{}}],"line":291},"32":{"loc":{"start":{"line":304,"column":25},"end":{"line":304,"column":45}},"type":"default-arg","locations":[{"start":{"line":304,"column":37},"end":{"line":304,"column":45}}],"line":304},"33":{"loc":{"start":{"line":343,"column":2},"end":{"line":343,"column":25}},"type":"if","locations":[{"start":{"line":343,"column":2},"end":{"line":343,"column":25}},{"start":{},"end":{}}],"line":343},"34":{"loc":{"start":{"line":349,"column":4},"end":{"line":355,"column":5}},"type":"if","locations":[{"start":{"line":349,"column":4},"end":{"line":355,"column":5}},{"start":{},"end":{}}],"line":349},"35":{"loc":{"start":{"line":358,"column":2},"end":{"line":362,"column":3}},"type":"if","locations":[{"start":{"line":358,"column":2},"end":{"line":362,"column":3}},{"start":{"line":360,"column":9},"end":{"line":362,"column":3}}],"line":358},"36":{"loc":{"start":{"line":373,"column":67},"end":{"line":373,"column":80}},"type":"default-arg","locations":[{"start":{"line":373,"column":79},"end":{"line":373,"column":80}}],"line":373},"37":{"loc":{"start":{"line":415,"column":44},"end":{"line":415,"column":56}},"type":"default-arg","locations":[{"start":{"line":415,"column":54},"end":{"line":415,"column":56}}],"line":415},"38":{"loc":{"start":{"line":416,"column":39},"end":{"line":416,"column":66}},"type":"binary-expr","locations":[{"start":{"line":416,"column":39},"end":{"line":416,"column":51}},{"start":{"line":416,"column":55},"end":{"line":416,"column":66}}],"line":416},"39":{"loc":{"start":{"line":441,"column":39},"end":{"line":441,"column":66}},"type":"binary-expr","locations":[{"start":{"line":441,"column":39},"end":{"line":441,"column":51}},{"start":{"line":441,"column":55},"end":{"line":441,"column":66}}],"line":441},"40":{"loc":{"start":{"line":444,"column":4},"end":{"line":447,"column":5}},"type":"if","locations":[{"start":{"line":444,"column":4},"end":{"line":447,"column":5}},{"start":{},"end":{}}],"line":444},"41":{"loc":{"start":{"line":474,"column":6},"end":{"line":476,"column":7}},"type":"if","locations":[{"start":{"line":474,"column":6},"end":{"line":476,"column":7}},{"start":{},"end":{}}],"line":474}},"s":{"0":0,"1":0,"2":0,"3":0,"4":0,"5":0,"6":0,"7":0,"8":0,"9":0,"10":0,"11":0,"12":0,"13":0,"14":0,"15":0,"16":0,"17":0,"18":0,"19":0,"20":0,"21":0,"22":0,"23":0,"24":0,"25":0,"26":0,"27":0,"28":0,"29":0,"30":0,"31":0,"32":0,"33":0,"34":0,"35":0,"36":0,"37":0,"38":0,"39":0,"40":0,"41":0,"42":0,"43":0,"44":0,"45":0,"46":0,"47":0,"48":0,"49":0,"50":0,"51":0,"52":0,"53":0,"54":0,"55":0,"56":0,"57":0,"58":0,"59":0,"60":0,"61":0,"62":0,"63":0,"64":0,"65":0,"66":0,"67":0,"68":0,"69":0,"70":0,"71":0,"72":0,"73":0,"74":0,"75":0,"76":0,"77":0,"78":0,"79":0,"80":0,"81":0,"82":0,"83":0,"84":0,"85":0,"86":0,"87":0,"88":0,"89":0,"90":0,"91":0,"92":0,"93":0,"94":0,"95":0,"96":0,"97":0,"98":0,"99":0,"100":0,"101":0,"102":0,"103":0,"104":0,"105":0,"106":0,"107":0,"108":0,"109":0,"110":0,"111":0,"112":0,"113":0,"114":0,"115":0,"116":0,"117":0,"118":0,"119":0,"120":0,"121":0,"122":0,"123":0,"124":0,"125":0,"126":0,"127":0,"128":0,"129":0,"130":0,"131":0,"132":0,"133":0,"134":0,"135":0,"136":0,"137":0,"138":0,"139":0,"140":0,"141":0,"142":0,"143":0,"144":0,"145":0,"146":0,"147":0,"148":0,"149":0,"150":0},"f":{"0":0,"1":0,"2":0,"3":0,"4":0,"5":0,"6":0,"7":0,"8":0,"9":0,"10":0,"11":0,"12":0,"13":0,"14":0,"15":0,"16":0,"17":0,"18":0,"19":0,"20":0,"21":0,"22":0,"23":0,"24":0,"25":0,"26":0,"27":0,"28":0,"29":0,"30":0,"31":0,"32":0,"33":0,"34":0,"35":0},"b":{"0":[0],"1":[0,0],"2":[0],"3":[0,0],"4":[0,0],"5":[0],"6":[0],"7":[0,0],"8":[0,0],"9":[0,0],"10":[0,0],"11":[0,0],"12":[0,0],"13":[0,0],"14":[0,0],"15":[0,0],"16":[0,0],"17":[0],"18":[0],"19":[0],"20":[0],"21":[0,0],"22":[0,0],"23":[0,0],"24":[0,0],"25":[0,0],"26":[0,0],"27":[0],"28":[0],"29":[0,0],"30":[0,0],"31":[0,0],"32":[0],"33":[0,0],"34":[0,0],"35":[0,0],"36":[0],"37":[0],"38":[0,0],"39":[0,0],"40":[0,0],"41":[0,0]}}
}
