TN:
SF:src/App.js
FN:6,(anonymous_0)
FN:11,(anonymous_1)
FN:46,(anonymous_2)
FN:78,App
FNF:4
FNH:4
FNDA:1,(anonymous_0)
FNDA:2,(anonymous_1)
FNDA:6,(anonymous_2)
FNDA:4,App
DA:6,1
DA:7,1
DA:11,1
DA:12,2
DA:47,6
DA:79,4
LF:6
LH:6
BRF:0
BRH:0
end_of_record
TN:
SF:src/index.js
FN:25,(anonymous_0)
FN:27,(anonymous_1)
FNF:2
FNH:0
FNDA:0,(anonymous_0)
FNDA:0,(anonymous_1)
DA:9,0
DA:12,0
DA:13,0
DA:14,0
DA:15,0
DA:18,0
DA:25,0
DA:26,0
DA:27,0
DA:28,0
DA:29,0
DA:30,0
DA:31,0
DA:32,0
DA:38,0
LF:15
LH:0
BRDA:12,0,0,0
BRDA:12,0,1,0
BRDA:26,1,0,0
BRDA:26,1,1,0
BRDA:26,2,0,0
BRDA:26,2,1,0
BRF:6
BRH:0
end_of_record
TN:
SF:src/components/CyberpunkJarvisInterface.js
FN:5,(anonymous_0)
FN:34,(anonymous_1)
FN:38,(anonymous_2)
FN:44,(anonymous_3)
FN:49,(anonymous_4)
FN:52,(anonymous_5)
FN:55,(anonymous_6)
FN:57,(anonymous_7)
FN:60,(anonymous_8)
FN:70,(anonymous_9)
FN:73,(anonymous_10)
FN:85,(anonymous_11)
FN:88,(anonymous_12)
FN:106,(anonymous_13)
FN:113,(anonymous_14)
FN:118,(anonymous_15)
FN:121,(anonymous_16)
FN:133,(anonymous_17)
FN:141,(anonymous_18)
FN:151,(anonymous_19)
FN:163,(anonymous_20)
FN:170,(anonymous_21)
FN:180,(anonymous_22)
FN:197,(anonymous_23)
FN:214,(anonymous_24)
FN:226,(anonymous_25)
FN:228,(anonymous_26)
FN:247,(anonymous_27)
FN:252,(anonymous_28)
FN:276,(anonymous_29)
FN:285,(anonymous_30)
FN:291,(anonymous_31)
FN:304,(anonymous_32)
FN:320,(anonymous_33)
FN:352,(anonymous_34)
FN:376,(anonymous_35)
FN:380,(anonymous_36)
FN:385,(anonymous_37)
FN:394,(anonymous_38)
FN:401,(anonymous_39)
FN:413,(anonymous_40)
FN:414,(anonymous_41)
FN:419,(anonymous_42)
FN:470,(anonymous_43)
FN:474,(anonymous_44)
FN:479,(anonymous_45)
FN:496,(anonymous_46)
FN:505,(anonymous_47)
FN:522,(anonymous_48)
FN:535,(anonymous_49)
FN:551,(anonymous_50)
FN:552,(anonymous_51)
FN:562,(anonymous_52)
FN:569,(anonymous_53)
FN:576,(anonymous_54)
FN:581,(anonymous_55)
FN:587,(anonymous_56)
FN:616,(anonymous_57)
FN:627,(anonymous_58)
FN:640,(anonymous_59)
FN:651,(anonymous_60)
FN:652,(anonymous_61)
FN:660,(anonymous_62)
FN:676,(anonymous_63)
FN:696,(anonymous_64)
FN:708,(anonymous_65)
FN:752,(anonymous_66)
FN:761,(anonymous_67)
FN:770,(anonymous_68)
FN:784,(anonymous_69)
FN:799,(anonymous_70)
FN:901,(anonymous_71)
FN:991,(anonymous_72)
FN:1023,(anonymous_73)
FN:1099,(anonymous_74)
FN:1178,(anonymous_75)
FNF:76
FNH:0
FNDA:0,(anonymous_0)
FNDA:0,(anonymous_1)
FNDA:0,(anonymous_2)
FNDA:0,(anonymous_3)
FNDA:0,(anonymous_4)
FNDA:0,(anonymous_5)
FNDA:0,(anonymous_6)
FNDA:0,(anonymous_7)
FNDA:0,(anonymous_8)
FNDA:0,(anonymous_9)
FNDA:0,(anonymous_10)
FNDA:0,(anonymous_11)
FNDA:0,(anonymous_12)
FNDA:0,(anonymous_13)
FNDA:0,(anonymous_14)
FNDA:0,(anonymous_15)
FNDA:0,(anonymous_16)
FNDA:0,(anonymous_17)
FNDA:0,(anonymous_18)
FNDA:0,(anonymous_19)
FNDA:0,(anonymous_20)
FNDA:0,(anonymous_21)
FNDA:0,(anonymous_22)
FNDA:0,(anonymous_23)
FNDA:0,(anonymous_24)
FNDA:0,(anonymous_25)
FNDA:0,(anonymous_26)
FNDA:0,(anonymous_27)
FNDA:0,(anonymous_28)
FNDA:0,(anonymous_29)
FNDA:0,(anonymous_30)
FNDA:0,(anonymous_31)
FNDA:0,(anonymous_32)
FNDA:0,(anonymous_33)
FNDA:0,(anonymous_34)
FNDA:0,(anonymous_35)
FNDA:0,(anonymous_36)
FNDA:0,(anonymous_37)
FNDA:0,(anonymous_38)
FNDA:0,(anonymous_39)
FNDA:0,(anonymous_40)
FNDA:0,(anonymous_41)
FNDA:0,(anonymous_42)
FNDA:0,(anonymous_43)
FNDA:0,(anonymous_44)
FNDA:0,(anonymous_45)
FNDA:0,(anonymous_46)
FNDA:0,(anonymous_47)
FNDA:0,(anonymous_48)
FNDA:0,(anonymous_49)
FNDA:0,(anonymous_50)
FNDA:0,(anonymous_51)
FNDA:0,(anonymous_52)
FNDA:0,(anonymous_53)
FNDA:0,(anonymous_54)
FNDA:0,(anonymous_55)
FNDA:0,(anonymous_56)
FNDA:0,(anonymous_57)
FNDA:0,(anonymous_58)
FNDA:0,(anonymous_59)
FNDA:0,(anonymous_60)
FNDA:0,(anonymous_61)
FNDA:0,(anonymous_62)
FNDA:0,(anonymous_63)
FNDA:0,(anonymous_64)
FNDA:0,(anonymous_65)
FNDA:0,(anonymous_66)
FNDA:0,(anonymous_67)
FNDA:0,(anonymous_68)
FNDA:0,(anonymous_69)
FNDA:0,(anonymous_70)
FNDA:0,(anonymous_71)
FNDA:0,(anonymous_72)
FNDA:0,(anonymous_73)
FNDA:0,(anonymous_74)
FNDA:0,(anonymous_75)
DA:5,0
DA:6,0
DA:7,0
DA:8,0
DA:9,0
DA:10,0
DA:11,0
DA:12,0
DA:13,0
DA:14,0
DA:15,0
DA:16,0
DA:18,0
DA:19,0
DA:20,0
DA:21,0
DA:24,0
DA:26,0
DA:27,0
DA:30,0
DA:31,0
DA:34,0
DA:35,0
DA:36,0
DA:37,0
DA:38,0
DA:39,0
DA:40,0
DA:44,0
DA:45,0
DA:46,0
DA:47,0
DA:49,0
DA:50,0
DA:52,0
DA:53,0
DA:55,0
DA:57,0
DA:58,0
DA:60,0
DA:61,0
DA:62,0
DA:63,0
DA:64,0
DA:70,0
DA:72,0
DA:73,0
DA:77,0
DA:81,0
DA:85,0
DA:86,0
DA:87,0
DA:88,0
DA:89,0
DA:93,0
DA:94,0
DA:95,0
DA:97,0
DA:100,0
DA:101,0
DA:106,0
DA:107,0
DA:108,0
DA:110,0
DA:111,0
DA:113,0
DA:114,0
DA:116,0
DA:117,0
DA:118,0
DA:121,0
DA:122,0
DA:129,0
DA:130,0
DA:133,0
DA:134,0
DA:140,0
DA:141,0
DA:142,0
DA:150,0
DA:151,0
DA:152,0
DA:162,0
DA:163,0
DA:164,0
DA:170,0
DA:174,0
DA:176,0
DA:177,0
DA:180,0
DA:181,0
DA:183,0
DA:188,0
DA:189,0
DA:192,0
DA:193,0
DA:197,0
DA:198,0
DA:199,0
DA:200,0
DA:205,0
DA:207,0
DA:208,0
DA:214,0
DA:215,0
DA:216,0
DA:217,0
DA:219,0
DA:220,0
DA:226,0
DA:228,0
DA:229,0
DA:230,0
DA:232,0
DA:233,0
DA:237,0
DA:238,0
DA:239,0
DA:242,0
DA:243,0
DA:244,0
DA:245,0
DA:247,0
DA:248,0
DA:249,0
DA:252,0
DA:253,0
DA:254,0
DA:256,0
DA:257,0
DA:258,0
DA:260,0
DA:265,0
DA:266,0
DA:269,0
DA:270,0
DA:272,0
DA:274,0
DA:275,0
DA:276,0
DA:279,0
DA:280,0
DA:281,0
DA:284,0
DA:285,0
DA:291,0
DA:292,0
DA:293,0
DA:294,0
DA:297,0
DA:298,0
DA:299,0
DA:303,0
DA:304,0
DA:305,0
DA:306,0
DA:307,0
DA:308,0
DA:309,0
DA:312,0
DA:320,0
DA:321,0
DA:322,0
DA:323,0
DA:326,0
DA:327,0
DA:328,0
DA:332,0
DA:333,0
DA:334,0
DA:335,0
DA:336,0
DA:337,0
DA:339,0
DA:340,0
DA:342,0
DA:343,0
DA:344,0
DA:345,0
DA:352,0
DA:353,0
DA:355,0
DA:356,0
DA:360,0
DA:361,0
DA:362,0
DA:363,0
DA:364,0
DA:365,0
DA:366,0
DA:367,0
DA:369,0
DA:376,0
DA:377,0
DA:380,0
DA:381,0
DA:385,0
DA:386,0
DA:387,0
DA:388,0
DA:389,0
DA:394,0
DA:395,0
DA:396,0
DA:401,0
DA:402,0
DA:404,0
DA:407,0
DA:408,0
DA:410,0
DA:413,0
DA:414,0
DA:415,0
DA:416,0
DA:417,0
DA:419,0
DA:420,0
DA:421,0
DA:427,0
DA:430,0
DA:431,0
DA:432,0
DA:433,0
DA:436,0
DA:437,0
DA:440,0
DA:443,0
DA:444,0
DA:446,0
DA:450,0
DA:451,0
DA:452,0
DA:453,0
DA:454,0
DA:455,0
DA:457,0
DA:458,0
DA:461,0
DA:463,0
DA:464,0
DA:465,0
DA:467,0
DA:470,0
DA:471,0
DA:474,0
DA:475,0
DA:476,0
DA:479,0
DA:480,0
DA:481,0
DA:484,0
DA:487,0
DA:488,0
DA:491,0
DA:492,0
DA:496,0
DA:497,0
DA:498,0
DA:499,0
DA:505,0
DA:506,0
DA:507,0
DA:509,0
DA:511,0
DA:512,0
DA:515,0
DA:522,0
DA:524,0
DA:525,0
DA:527,0
DA:534,0
DA:535,0
DA:536,0
DA:542,0
DA:543,0
DA:544,0
DA:545,0
DA:551,0
DA:552,0
DA:555,0
DA:562,0
DA:565,0
DA:569,0
DA:570,0
DA:571,0
DA:572,0
DA:576,0
DA:577,0
DA:578,0
DA:581,0
DA:582,0
DA:583,0
DA:584,0
DA:587,0
DA:588,0
DA:589,0
DA:590,0
DA:591,0
DA:594,0
DA:595,0
DA:596,0
DA:597,0
DA:598,0
DA:600,0
DA:602,0
DA:603,0
DA:606,0
DA:610,0
DA:611,0
DA:614,0
DA:615,0
DA:616,0
DA:617,0
DA:618,0
DA:620,0
DA:627,0
DA:628,0
DA:629,0
DA:630,0
DA:631,0
DA:633,0
DA:635,0
DA:636,0
DA:640,0
DA:641,0
DA:642,0
DA:643,0
DA:646,0
DA:647,0
DA:651,0
DA:652,0
DA:653,0
DA:654,0
DA:656,0
DA:660,0
DA:661,0
DA:662,0
DA:665,0
DA:666,0
DA:667,0
DA:668,0
DA:669,0
DA:670,0
DA:671,0
DA:676,0
DA:677,0
DA:678,0
DA:679,0
DA:683,0
DA:684,0
DA:686,0
DA:689,0
DA:690,0
DA:691,0
DA:692,0
DA:695,0
DA:696,0
DA:697,0
DA:702,0
DA:709,0
DA:752,0
DA:761,0
DA:770,0
DA:784,0
DA:799,0
DA:902,0
DA:991,0
DA:1023,0
DA:1099,0
DA:1179,0
LF:370
LH:0
BRDA:24,0,0,0
BRDA:24,0,1,0
BRDA:26,1,0,0
BRDA:26,1,1,0
BRDA:27,2,0,0
BRDA:27,2,1,0
BRDA:63,3,0,0
BRDA:63,3,1,0
BRDA:72,4,0,0
BRDA:72,4,1,0
BRDA:94,5,0,0
BRDA:94,5,1,0
BRDA:110,6,0,0
BRDA:110,6,1,0
BRDA:114,7,0,0
BRDA:114,7,1,0
BRDA:122,8,0,0
BRDA:122,8,1,0
BRDA:122,8,2,0
BRDA:122,8,3,0
BRDA:129,9,0,0
BRDA:129,9,1,0
BRDA:134,10,0,0
BRDA:134,10,1,0
BRDA:134,10,2,0
BRDA:134,10,3,0
BRDA:140,11,0,0
BRDA:140,11,1,0
BRDA:142,12,0,0
BRDA:142,12,1,0
BRDA:142,12,2,0
BRDA:142,12,3,0
BRDA:150,13,0,0
BRDA:150,13,1,0
BRDA:152,14,0,0
BRDA:152,14,1,0
BRDA:152,14,2,0
BRDA:152,14,3,0
BRDA:152,14,4,0
BRDA:162,15,0,0
BRDA:162,15,1,0
BRDA:164,16,0,0
BRDA:164,16,1,0
BRDA:164,16,2,0
BRDA:176,17,0,0
BRDA:176,17,1,0
BRDA:177,18,0,0
BRDA:177,18,1,0
BRDA:192,19,0,0
BRDA:192,19,1,0
BRDA:198,20,0,0
BRDA:198,20,1,0
BRDA:198,21,0,0
BRDA:198,21,1,0
BRDA:207,22,0,0
BRDA:207,22,1,0
BRDA:216,23,0,0
BRDA:216,23,1,0
BRDA:219,24,0,0
BRDA:219,24,1,0
BRDA:219,25,0,0
BRDA:219,25,1,0
BRDA:230,26,0,0
BRDA:230,26,1,0
BRDA:237,27,0,0
BRDA:237,27,1,0
BRDA:238,28,0,0
BRDA:238,28,1,0
BRDA:257,29,0,0
BRDA:257,29,1,0
BRDA:265,30,0,0
BRDA:265,30,1,0
BRDA:266,31,0,0
BRDA:266,31,1,0
BRDA:269,32,0,0
BRDA:269,32,1,0
BRDA:272,33,0,0
BRDA:272,33,1,0
BRDA:284,34,0,0
BRDA:284,34,1,0
BRDA:292,35,0,0
BRDA:292,35,1,0
BRDA:297,36,0,0
BRDA:297,36,1,0
BRDA:303,37,0,0
BRDA:303,37,1,0
BRDA:303,38,0,0
BRDA:303,38,1,0
BRDA:303,38,2,0
BRDA:305,39,0,0
BRDA:305,39,1,0
BRDA:308,40,0,0
BRDA:308,40,1,0
BRDA:308,41,0,0
BRDA:308,41,1,0
BRDA:321,42,0,0
BRDA:321,42,1,0
BRDA:326,43,0,0
BRDA:326,43,1,0
BRDA:332,44,0,0
BRDA:332,44,1,0
BRDA:334,45,0,0
BRDA:334,45,1,0
BRDA:336,46,0,0
BRDA:336,46,1,0
BRDA:339,47,0,0
BRDA:339,47,1,0
BRDA:342,48,0,0
BRDA:342,48,1,0
BRDA:344,49,0,0
BRDA:344,49,1,0
BRDA:355,50,0,0
BRDA:355,50,1,0
BRDA:360,51,0,0
BRDA:360,51,1,0
BRDA:386,52,0,0
BRDA:386,52,1,0
BRDA:395,53,0,0
BRDA:395,53,1,0
BRDA:402,54,0,0
BRDA:402,54,1,0
BRDA:402,55,0,0
BRDA:402,55,1,0
BRDA:407,56,0,0
BRDA:407,56,1,0
BRDA:407,57,0,0
BRDA:407,57,1,0
BRDA:416,58,0,0
BRDA:416,58,1,0
BRDA:431,59,0,0
BRDA:431,59,1,0
BRDA:431,60,0,0
BRDA:431,60,1,0
BRDA:436,61,0,0
BRDA:436,61,1,0
BRDA:443,62,0,0
BRDA:443,62,1,0
BRDA:450,63,0,0
BRDA:450,63,1,0
BRDA:453,64,0,0
BRDA:453,64,1,0
BRDA:463,65,0,0
BRDA:463,65,1,0
BRDA:497,66,0,0
BRDA:497,66,1,0
BRDA:506,67,0,0
BRDA:506,67,1,0
BRDA:507,68,0,0
BRDA:507,68,1,0
BRDA:507,69,0,0
BRDA:507,69,1,0
BRDA:525,70,0,0
BRDA:525,70,1,0
BRDA:525,71,0,0
BRDA:525,71,1,0
BRDA:543,72,0,0
BRDA:543,72,1,0
BRDA:548,73,0,0
BRDA:548,73,1,0
BRDA:552,74,0,0
BRDA:552,74,1,0
BRDA:570,75,0,0
BRDA:570,75,1,0
BRDA:570,76,0,0
BRDA:570,76,1,0
BRDA:582,77,0,0
BRDA:582,77,1,0
BRDA:583,78,0,0
BRDA:583,78,1,0
BRDA:588,79,0,0
BRDA:588,79,1,0
BRDA:595,80,0,0
BRDA:595,80,1,0
BRDA:602,81,0,0
BRDA:602,81,1,0
BRDA:602,82,0,0
BRDA:602,82,1,0
BRDA:614,83,0,0
BRDA:614,83,1,0
BRDA:629,84,0,0
BRDA:629,84,1,0
BRDA:643,85,0,0
BRDA:643,85,1,0
BRDA:646,86,0,0
BRDA:646,86,1,0
BRDA:653,87,0,0
BRDA:653,87,1,0
BRDA:653,88,0,0
BRDA:653,88,1,0
BRDA:665,89,0,0
BRDA:665,89,1,0
BRDA:668,90,0,0
BRDA:668,90,1,0
BRDA:670,91,0,0
BRDA:670,91,1,0
BRDA:677,92,0,0
BRDA:677,92,1,0
BRDA:683,93,0,0
BRDA:683,93,1,0
BRDA:686,94,0,0
BRDA:686,94,1,0
BRDA:695,95,0,0
BRDA:695,95,1,0
BRDA:751,96,0,0
BRDA:751,96,1,0
BRDA:760,97,0,0
BRDA:760,97,1,0
BRDA:769,98,0,0
BRDA:769,98,1,0
BRDA:780,99,0,0
BRDA:780,99,1,0
BRDA:792,100,0,0
BRDA:792,100,1,0
BRDA:793,101,0,0
BRDA:793,101,1,0
BRDA:795,102,0,0
BRDA:795,102,1,0
BRDA:811,103,0,0
BRDA:811,103,1,0
BRDA:811,104,0,0
BRDA:811,104,1,0
BRDA:814,105,0,0
BRDA:814,105,1,0
BRDA:824,106,0,0
BRDA:824,106,1,0
BRDA:838,107,0,0
BRDA:838,107,1,0
BRDA:838,107,2,0
BRDA:839,108,0,0
BRDA:839,108,1,0
BRDA:841,109,0,0
BRDA:841,109,1,0
BRDA:841,110,0,0
BRDA:841,110,1,0
BRDA:842,111,0,0
BRDA:842,111,1,0
BRDA:842,112,0,0
BRDA:842,112,1,0
BRDA:847,113,0,0
BRDA:847,113,1,0
BRDA:858,114,0,0
BRDA:858,114,1,0
BRDA:887,115,0,0
BRDA:887,115,1,0
BRDA:888,116,0,0
BRDA:888,116,1,0
BRDA:904,117,0,0
BRDA:904,117,1,0
BRDA:911,118,0,0
BRDA:911,118,1,0
BRDA:927,119,0,0
BRDA:927,119,1,0
BRDA:941,120,0,0
BRDA:941,120,1,0
BRDA:986,121,0,0
BRDA:986,121,1,0
BRDA:994,122,0,0
BRDA:994,122,1,0
BRDA:995,123,0,0
BRDA:995,123,1,0
BRDA:1005,124,0,0
BRDA:1005,124,1,0
BRDA:1023,125,0,0
BRDA:1023,125,1,0
BRDA:1035,126,0,0
BRDA:1035,126,1,0
BRDA:1039,127,0,0
BRDA:1039,127,1,0
BRDA:1043,128,0,0
BRDA:1043,128,1,0
BRDA:1049,129,0,0
BRDA:1049,129,1,0
BRDA:1050,130,0,0
BRDA:1050,130,1,0
BRDA:1054,131,0,0
BRDA:1054,131,1,0
BRDA:1060,132,0,0
BRDA:1060,132,1,0
BRDA:1065,133,0,0
BRDA:1065,133,1,0
BRDA:1066,134,0,0
BRDA:1066,134,1,0
BRDA:1066,135,0,0
BRDA:1066,135,1,0
BRDA:1079,136,0,0
BRDA:1079,136,1,0
BRDA:1082,137,0,0
BRDA:1082,137,1,0
BRDA:1099,138,0,0
BRDA:1099,138,1,0
BRDA:1110,139,0,0
BRDA:1110,139,1,0
BRDA:1114,140,0,0
BRDA:1114,140,1,0
BRDA:1116,141,0,0
BRDA:1116,141,1,0
BRDA:1122,142,0,0
BRDA:1122,142,1,0
BRDA:1128,143,0,0
BRDA:1128,143,1,0
BRDA:1135,144,0,0
BRDA:1135,144,1,0
BRDA:1135,144,2,0
BRDA:1135,144,3,0
BRDA:1168,145,0,0
BRDA:1168,145,1,0
BRDA:1171,146,0,0
BRDA:1171,146,1,0
BRDA:1195,147,0,0
BRDA:1195,147,1,0
BRDA:1199,148,0,0
BRDA:1199,148,1,0
BRDA:1208,149,0,0
BRDA:1208,149,1,0
BRDA:1217,150,0,0
BRDA:1217,150,1,0
BRF:316
BRH:0
end_of_record
TN:
SF:src/components/CyberpunkJarvisInterfaceOptimized.js
FN:6,(anonymous_0)
FN:99,(anonymous_1)
FN:105,(anonymous_2)
FN:156,(anonymous_3)
FN:185,(anonymous_4)
FN:187,(anonymous_5)
FN:194,(anonymous_6)
FN:197,(anonymous_7)
FN:215,(anonymous_8)
FN:220,(anonymous_9)
FN:224,(anonymous_10)
FN:227,(anonymous_11)
FN:231,(anonymous_12)
FN:235,(anonymous_13)
FN:245,(anonymous_14)
FN:247,(anonymous_15)
FN:260,(anonymous_16)
FN:269,(anonymous_17)
FN:270,(anonymous_18)
FN:275,(anonymous_19)
FN:319,(anonymous_20)
FN:320,(anonymous_21)
FN:321,(anonymous_22)
FN:338,(anonymous_23)
FN:347,(anonymous_24)
FN:363,(anonymous_25)
FN:374,(anonymous_26)
FN:390,(anonymous_27)
FN:391,(anonymous_28)
FN:401,(anonymous_29)
FN:408,(anonymous_30)
FN:415,(anonymous_31)
FN:420,(anonymous_32)
FN:433,(anonymous_33)
FN:443,(anonymous_34)
FN:444,(anonymous_35)
FN:453,(anonymous_36)
FN:460,(anonymous_37)
FN:465,(anonymous_38)
FN:469,(anonymous_39)
FN:477,(anonymous_40)
FN:482,(anonymous_41)
FN:491,(anonymous_42)
FN:497,(anonymous_43)
FN:502,(anonymous_44)
FN:504,(anonymous_45)
FN:514,(anonymous_46)
FN:521,(anonymous_47)
FN:530,(anonymous_48)
FN:541,(anonymous_49)
FN:548,(anonymous_50)
FN:557,(anonymous_51)
FN:571,(anonymous_52)
FN:586,(anonymous_53)
FN:603,(anonymous_54)
FN:682,(anonymous_55)
FN:686,(anonymous_56)
FN:711,(anonymous_57)
FN:742,(anonymous_58)
FNF:59
FNH:3
FNDA:0,(anonymous_0)
FNDA:0,(anonymous_1)
FNDA:0,(anonymous_2)
FNDA:5,(anonymous_3)
FNDA:4,(anonymous_4)
FNDA:4,(anonymous_5)
FNDA:0,(anonymous_6)
FNDA:0,(anonymous_7)
FNDA:0,(anonymous_8)
FNDA:0,(anonymous_9)
FNDA:0,(anonymous_10)
FNDA:0,(anonymous_11)
FNDA:0,(anonymous_12)
FNDA:0,(anonymous_13)
FNDA:0,(anonymous_14)
FNDA:0,(anonymous_15)
FNDA:0,(anonymous_16)
FNDA:0,(anonymous_17)
FNDA:0,(anonymous_18)
FNDA:0,(anonymous_19)
FNDA:0,(anonymous_20)
FNDA:0,(anonymous_21)
FNDA:0,(anonymous_22)
FNDA:0,(anonymous_23)
FNDA:0,(anonymous_24)
FNDA:0,(anonymous_25)
FNDA:0,(anonymous_26)
FNDA:0,(anonymous_27)
FNDA:0,(anonymous_28)
FNDA:0,(anonymous_29)
FNDA:0,(anonymous_30)
FNDA:0,(anonymous_31)
FNDA:0,(anonymous_32)
FNDA:0,(anonymous_33)
FNDA:0,(anonymous_34)
FNDA:0,(anonymous_35)
FNDA:0,(anonymous_36)
FNDA:0,(anonymous_37)
FNDA:0,(anonymous_38)
FNDA:0,(anonymous_39)
FNDA:0,(anonymous_40)
FNDA:0,(anonymous_41)
FNDA:0,(anonymous_42)
FNDA:0,(anonymous_43)
FNDA:0,(anonymous_44)
FNDA:0,(anonymous_45)
FNDA:0,(anonymous_46)
FNDA:0,(anonymous_47)
FNDA:0,(anonymous_48)
FNDA:0,(anonymous_49)
FNDA:0,(anonymous_50)
FNDA:0,(anonymous_51)
FNDA:0,(anonymous_52)
FNDA:0,(anonymous_53)
FNDA:0,(anonymous_54)
FNDA:0,(anonymous_55)
FNDA:0,(anonymous_56)
FNDA:0,(anonymous_57)
FNDA:0,(anonymous_58)
DA:6,1
DA:7,0
DA:13,0
DA:14,0
DA:45,0
DA:96,1
DA:99,1
DA:100,0
DA:105,0
DA:106,0
DA:107,0
DA:108,0
DA:109,0
DA:113,0
DA:153,1
DA:156,1
DA:158,5
DA:159,4
DA:160,4
DA:161,4
DA:162,4
DA:163,4
DA:164,4
DA:165,4
DA:166,4
DA:174,4
DA:175,4
DA:176,4
DA:177,4
DA:178,4
DA:185,4
DA:188,4
DA:189,4
DA:194,4
DA:195,0
DA:196,0
DA:197,0
DA:198,0
DA:202,0
DA:203,0
DA:204,0
DA:206,0
DA:209,0
DA:210,0
DA:215,4
DA:216,0
DA:217,0
DA:218,0
DA:220,0
DA:221,0
DA:224,0
DA:225,0
DA:226,0
DA:227,0
DA:231,0
DA:232,0
DA:235,0
DA:236,0
DA:237,0
DA:238,0
DA:239,0
DA:245,0
DA:246,0
DA:247,0
DA:251,0
DA:255,0
DA:260,0
DA:261,0
DA:263,0
DA:265,0
DA:266,0
DA:267,0
DA:269,0
DA:270,0
DA:271,0
DA:272,0
DA:273,0
DA:275,0
DA:276,0
DA:277,0
DA:283,0
DA:285,0
DA:286,0
DA:287,0
DA:288,0
DA:290,0
DA:291,0
DA:294,0
DA:296,0
DA:297,0
DA:299,0
DA:302,0
DA:303,0
DA:304,0
DA:305,0
DA:306,0
DA:307,0
DA:309,0
DA:310,0
DA:313,0
DA:315,0
DA:316,0
DA:319,0
DA:320,0
DA:321,0
DA:322,0
DA:323,0
DA:326,0
DA:329,0
DA:330,0
DA:333,0
DA:334,0
DA:338,0
DA:339,0
DA:340,0
DA:341,0
DA:347,0
DA:348,0
DA:349,0
DA:351,0
DA:353,0
DA:354,0
DA:356,0
DA:363,0
DA:365,0
DA:366,0
DA:367,0
DA:373,0
DA:374,0
DA:375,0
DA:381,0
DA:382,0
DA:383,0
DA:384,0
DA:390,0
DA:391,0
DA:394,0
DA:401,0
DA:404,0
DA:408,0
DA:409,0
DA:410,0
DA:411,0
DA:415,0
DA:416,0
DA:417,0
DA:420,0
DA:421,0
DA:422,0
DA:423,0
DA:424,0
DA:426,0
DA:428,0
DA:429,0
DA:433,0
DA:434,0
DA:435,0
DA:436,0
DA:438,0
DA:439,0
DA:443,0
DA:444,0
DA:445,0
DA:446,0
DA:448,0
DA:453,0
DA:454,0
DA:455,0
DA:456,0
DA:460,0
DA:461,0
DA:465,0
DA:466,0
DA:467,0
DA:468,0
DA:469,0
DA:470,0
DA:471,0
DA:472,0
DA:477,0
DA:478,0
DA:482,0
DA:483,0
DA:484,0
DA:485,0
DA:486,0
DA:491,0
DA:492,0
DA:494,0
DA:495,0
DA:497,0
DA:498,0
DA:500,0
DA:501,0
DA:502,0
DA:504,0
DA:505,0
DA:511,0
DA:512,0
DA:514,0
DA:515,0
DA:520,0
DA:521,0
DA:522,0
DA:529,0
DA:530,0
DA:531,0
DA:540,0
DA:541,0
DA:542,0
DA:548,0
DA:551,0
DA:553,0
DA:554,0
DA:557,0
DA:558,0
DA:560,0
DA:564,0
DA:565,0
DA:567,0
DA:568,0
DA:571,0
DA:572,0
DA:573,0
DA:574,0
DA:579,0
DA:580,0
DA:581,0
DA:586,0
DA:587,0
DA:588,0
DA:590,0
DA:591,0
DA:597,0
DA:604,0
DA:683,0
DA:686,0
DA:711,0
DA:742,0
LF:239
LH:24
BRDA:6,0,0,0
BRDA:13,1,0,0
BRDA:13,1,1,0
BRDA:47,2,0,0
BRDA:47,2,1,0
BRDA:55,3,0,0
BRDA:55,3,1,0
BRDA:71,4,0,0
BRDA:71,4,1,0
BRDA:82,5,0,0
BRDA:82,5,1,0
BRDA:82,5,2,0
BRDA:106,6,0,0
BRDA:106,6,1,0
BRDA:106,6,2,0
BRDA:186,7,0,4
BRDA:186,7,1,0
BRDA:188,8,0,4
BRDA:188,8,1,0
BRDA:189,9,0,4
BRDA:189,9,1,0
BRDA:203,10,0,0
BRDA:203,10,1,0
BRDA:226,11,0,0
BRDA:226,11,1,0
BRDA:238,12,0,0
BRDA:238,12,1,0
BRDA:246,13,0,0
BRDA:246,13,1,0
BRDA:246,14,0,0
BRDA:246,14,1,0
BRDA:261,15,0,0
BRDA:261,15,1,0
BRDA:261,16,0,0
BRDA:261,16,1,0
BRDA:265,17,0,0
BRDA:265,17,1,0
BRDA:265,18,0,0
BRDA:265,18,1,0
BRDA:272,19,0,0
BRDA:272,19,1,0
BRDA:286,20,0,0
BRDA:286,20,1,0
BRDA:286,21,0,0
BRDA:286,21,1,0
BRDA:290,22,0,0
BRDA:290,22,1,0
BRDA:296,23,0,0
BRDA:296,23,1,0
BRDA:302,24,0,0
BRDA:302,24,1,0
BRDA:305,25,0,0
BRDA:305,25,1,0
BRDA:315,26,0,0
BRDA:315,26,1,0
BRDA:339,27,0,0
BRDA:339,27,1,0
BRDA:348,28,0,0
BRDA:348,28,1,0
BRDA:349,29,0,0
BRDA:349,29,1,0
BRDA:349,30,0,0
BRDA:349,30,1,0
BRDA:366,31,0,0
BRDA:366,31,1,0
BRDA:366,32,0,0
BRDA:366,32,1,0
BRDA:382,33,0,0
BRDA:382,33,1,0
BRDA:387,34,0,0
BRDA:387,34,1,0
BRDA:391,35,0,0
BRDA:391,35,1,0
BRDA:409,36,0,0
BRDA:409,36,1,0
BRDA:409,37,0,0
BRDA:409,37,1,0
BRDA:422,38,0,0
BRDA:422,38,1,0
BRDA:436,39,0,0
BRDA:436,39,1,0
BRDA:438,40,0,0
BRDA:438,40,1,0
BRDA:445,41,0,0
BRDA:445,41,1,0
BRDA:445,42,0,0
BRDA:445,42,1,0
BRDA:454,43,0,0
BRDA:454,43,1,0
BRDA:455,44,0,0
BRDA:455,44,1,0
BRDA:483,45,0,0
BRDA:483,45,1,0
BRDA:494,46,0,0
BRDA:494,46,1,0
BRDA:498,47,0,0
BRDA:498,47,1,0
BRDA:505,48,0,0
BRDA:505,48,1,0
BRDA:505,48,2,0
BRDA:505,48,3,0
BRDA:511,49,0,0
BRDA:511,49,1,0
BRDA:515,50,0,0
BRDA:515,50,1,0
BRDA:515,50,2,0
BRDA:515,50,3,0
BRDA:520,51,0,0
BRDA:520,51,1,0
BRDA:522,52,0,0
BRDA:522,52,1,0
BRDA:522,52,2,0
BRDA:522,52,3,0
BRDA:529,53,0,0
BRDA:529,53,1,0
BRDA:531,54,0,0
BRDA:531,54,1,0
BRDA:531,54,2,0
BRDA:531,54,3,0
BRDA:531,54,4,0
BRDA:540,55,0,0
BRDA:540,55,1,0
BRDA:542,56,0,0
BRDA:542,56,1,0
BRDA:542,56,2,0
BRDA:553,57,0,0
BRDA:553,57,1,0
BRDA:554,58,0,0
BRDA:554,58,1,0
BRDA:567,59,0,0
BRDA:567,59,1,0
BRDA:572,60,0,0
BRDA:572,60,1,0
BRDA:572,61,0,0
BRDA:572,61,1,0
BRDA:580,62,0,0
BRDA:580,62,1,0
BRDA:587,63,0,0
BRDA:587,63,1,0
BRDA:590,64,0,0
BRDA:590,64,1,0
BRDA:590,65,0,0
BRDA:590,65,1,0
BRDA:644,66,0,0
BRDA:644,66,1,0
BRDA:644,67,0,0
BRDA:644,67,1,0
BRDA:648,68,0,0
BRDA:648,68,1,0
BRDA:658,69,0,0
BRDA:658,69,1,0
BRDA:675,70,0,0
BRDA:675,70,1,0
BRDA:686,71,0,0
BRDA:686,71,1,0
BRDA:690,72,0,0
BRDA:690,72,1,0
BRDA:714,73,0,0
BRDA:714,73,1,0
BRDA:724,74,0,0
BRDA:724,74,1,0
BRDA:742,75,0,0
BRDA:742,75,1,0
BRDA:754,76,0,0
BRDA:754,76,1,0
BRDA:758,77,0,0
BRDA:758,77,1,0
BRDA:762,78,0,0
BRDA:762,78,1,0
BRDA:767,79,0,0
BRDA:767,79,1,0
BRDA:768,80,0,0
BRDA:768,80,1,0
BRDA:768,81,0,0
BRDA:768,81,1,0
BRF:175
BRH:3
end_of_record
TN:
SF:src/components/OptimizedComponents.js
FN:9,(anonymous_0)
FN:15,(anonymous_1)
FN:22,(anonymous_2)
FN:39,(anonymous_3)
FN:54,(anonymous_4)
FN:55,(anonymous_5)
FN:93,(anonymous_6)
FN:107,(anonymous_7)
FN:107,(anonymous_8)
FN:114,(anonymous_9)
FN:121,(anonymous_10)
FN:130,(anonymous_11)
FN:138,(anonymous_12)
FN:147,(anonymous_13)
FN:188,(anonymous_14)
FN:197,(anonymous_15)
FN:266,(anonymous_16)
FN:277,(anonymous_17)
FN:288,(anonymous_18)
FN:290,(anonymous_19)
FN:334,(anonymous_20)
FN:349,(anonymous_21)
FN:353,(anonymous_22)
FN:354,(anonymous_23)
FN:368,(anonymous_24)
FN:375,(anonymous_25)
FN:380,(anonymous_26)
FN:431,(anonymous_27)
FN:432,(anonymous_28)
FN:436,(anonymous_29)
FNF:30
FNH:0
FNDA:0,(anonymous_0)
FNDA:0,(anonymous_1)
FNDA:0,(anonymous_2)
FNDA:0,(anonymous_3)
FNDA:0,(anonymous_4)
FNDA:0,(anonymous_5)
FNDA:0,(anonymous_6)
FNDA:0,(anonymous_7)
FNDA:0,(anonymous_8)
FNDA:0,(anonymous_9)
FNDA:0,(anonymous_10)
FNDA:0,(anonymous_11)
FNDA:0,(anonymous_12)
FNDA:0,(anonymous_13)
FNDA:0,(anonymous_14)
FNDA:0,(anonymous_15)
FNDA:0,(anonymous_16)
FNDA:0,(anonymous_17)
FNDA:0,(anonymous_18)
FNDA:0,(anonymous_19)
FNDA:0,(anonymous_20)
FNDA:0,(anonymous_21)
FNDA:0,(anonymous_22)
FNDA:0,(anonymous_23)
FNDA:0,(anonymous_24)
FNDA:0,(anonymous_25)
FNDA:0,(anonymous_26)
FNDA:0,(anonymous_27)
FNDA:0,(anonymous_28)
FNDA:0,(anonymous_29)
DA:9,0
DA:10,0
DA:11,0
DA:14,0
DA:16,0
DA:22,0
DA:23,0
DA:25,0
DA:28,0
DA:40,0
DA:49,0
DA:54,0
DA:55,0
DA:61,0
DA:88,0
DA:93,0
DA:102,0
DA:103,0
DA:106,0
DA:107,0
DA:108,0
DA:114,0
DA:115,0
DA:116,0
DA:117,0
DA:121,0
DA:122,0
DA:123,0
DA:124,0
DA:125,0
DA:130,0
DA:131,0
DA:132,0
DA:133,0
DA:138,0
DA:139,0
DA:140,0
DA:141,0
DA:142,0
DA:147,0
DA:148,0
DA:149,0
DA:153,0
DA:183,0
DA:188,0
DA:197,0
DA:198,0
DA:199,0
DA:206,0
DA:207,0
DA:214,0
DA:215,0
DA:222,0
DA:229,0
DA:261,0
DA:266,0
DA:267,0
DA:274,0
DA:275,0
DA:277,0
DA:278,0
DA:280,0
DA:281,0
DA:283,0
DA:284,0
DA:285,0
DA:288,0
DA:290,0
DA:298,0
DA:301,0
DA:303,0
DA:329,0
DA:334,0
DA:343,0
DA:344,0
DA:345,0
DA:346,0
DA:349,0
DA:350,0
DA:352,0
DA:354,0
DA:355,0
DA:356,0
DA:357,0
DA:366,0
DA:368,0
DA:369,0
DA:370,0
DA:375,0
DA:376,0
DA:377,0
DA:380,0
DA:381,0
DA:382,0
DA:385,0
DA:426,0
DA:431,0
DA:432,0
DA:433,0
DA:434,0
DA:436,0
DA:437,0
DA:438,0
DA:439,0
DA:441,0
DA:442,0
DA:445,0
DA:448,0
DA:451,0
DA:452,0
LF:110
LH:0
BRDA:9,0,0,0
BRDA:9,1,0,0
BRDA:23,2,0,0
BRDA:23,2,1,0
BRDA:40,3,0,0
BRDA:40,3,1,0
BRDA:63,4,0,0
BRDA:63,4,1,0
BRDA:71,5,0,0
BRDA:71,5,1,0
BRDA:76,6,0,0
BRDA:76,6,1,0
BRDA:98,7,0,0
BRDA:99,8,0,0
BRDA:100,9,0,0
BRDA:102,10,0,0
BRDA:102,10,1,0
BRDA:108,11,0,0
BRDA:108,11,1,0
BRDA:123,12,0,0
BRDA:123,12,1,0
BRDA:123,13,0,0
BRDA:123,13,1,0
BRDA:131,14,0,0
BRDA:131,14,1,0
BRDA:131,15,0,0
BRDA:131,15,1,0
BRDA:139,16,0,0
BRDA:139,16,1,0
BRDA:148,17,0,0
BRDA:148,17,1,0
BRDA:149,18,0,0
BRDA:149,18,1,0
BRDA:172,19,0,0
BRDA:172,19,1,0
BRDA:193,20,0,0
BRDA:194,21,0,0
BRDA:198,22,0,0
BRDA:198,22,1,0
BRDA:206,23,0,0
BRDA:206,23,1,0
BRDA:214,24,0,0
BRDA:214,24,1,0
BRDA:238,25,0,0
BRDA:238,25,1,0
BRDA:248,26,0,0
BRDA:248,26,1,0
BRDA:266,27,0,0
BRDA:278,28,0,0
BRDA:278,28,1,0
BRDA:284,29,0,0
BRDA:284,29,1,0
BRDA:295,30,0,0
BRDA:295,30,1,0
BRDA:301,31,0,0
BRDA:301,31,1,0
BRDA:319,32,0,0
BRDA:319,32,1,0
BRDA:322,33,0,0
BRDA:322,33,1,0
BRDA:340,34,0,0
BRDA:350,35,0,0
BRDA:350,35,1,0
BRDA:350,36,0,0
BRDA:350,36,1,0
BRDA:355,37,0,0
BRDA:355,37,1,0
BRDA:369,38,0,0
BRDA:369,38,1,0
BRDA:387,39,0,0
BRDA:387,39,1,0
BRDA:397,40,0,0
BRDA:397,40,1,0
BRDA:397,41,0,0
BRDA:397,41,1,0
BRDA:399,42,0,0
BRDA:399,42,1,0
BRDA:407,43,0,0
BRDA:407,43,1,0
BRDA:407,43,2,0
BRDA:441,44,0,0
BRDA:441,44,1,0
BRF:82
BRH:0
end_of_record
TN:
SF:src/constants/animationConstants.js
FN:329,(anonymous_0)
FN:335,(anonymous_1)
FN:362,(anonymous_2)
FNF:3
FNH:0
FNDA:0,(anonymous_0)
FNDA:0,(anonymous_1)
FNDA:0,(anonymous_2)
DA:7,0
DA:15,0
DA:40,0
DA:152,0
DA:189,0
DA:207,0
DA:220,0
DA:267,0
DA:296,0
DA:327,0
DA:330,0
DA:331,0
DA:336,0
DA:338,0
DA:339,0
DA:342,0
DA:344,0
DA:350,0
DA:352,0
DA:358,0
DA:363,0
DA:364,0
DA:370,0
LF:23
LH:0
BRDA:330,0,0,0
BRDA:330,0,1,0
BRDA:335,1,0,0
BRDA:338,2,0,0
BRDA:338,2,1,0
BRDA:342,3,0,0
BRDA:342,3,1,0
BRDA:350,4,0,0
BRDA:350,4,1,0
BRDA:363,5,0,0
BRDA:363,5,1,0
BRDA:365,6,0,0
BRDA:365,6,1,0
BRDA:366,7,0,0
BRDA:366,7,1,0
BRDA:367,8,0,0
BRDA:367,8,1,0
BRF:17
BRH:0
end_of_record
TN:
SF:src/hooks/useSpeechSynthesis.js
FN:7,(anonymous_0)
FN:15,(anonymous_1)
FN:20,(anonymous_2)
FN:23,(anonymous_3)
FN:35,(anonymous_4)
FN:43,(anonymous_5)
FN:53,(anonymous_6)
FN:65,(anonymous_7)
FN:72,(anonymous_8)
FN:82,(anonymous_9)
FN:90,(anonymous_10)
FN:105,(anonymous_11)
FN:106,(anonymous_12)
FN:111,(anonymous_13)
FN:159,(anonymous_14)
FN:160,(anonymous_15)
FN:164,(anonymous_16)
FN:170,(anonymous_17)
FN:179,(anonymous_18)
FN:196,(anonymous_19)
FN:212,(anonymous_20)
FN:234,(anonymous_21)
FN:242,(anonymous_22)
FN:249,(anonymous_23)
FN:264,(anonymous_24)
FN:280,(anonymous_25)
FNF:26
FNH:0
FNDA:0,(anonymous_0)
FNDA:0,(anonymous_1)
FNDA:0,(anonymous_2)
FNDA:0,(anonymous_3)
FNDA:0,(anonymous_4)
FNDA:0,(anonymous_5)
FNDA:0,(anonymous_6)
FNDA:0,(anonymous_7)
FNDA:0,(anonymous_8)
FNDA:0,(anonymous_9)
FNDA:0,(anonymous_10)
FNDA:0,(anonymous_11)
FNDA:0,(anonymous_12)
FNDA:0,(anonymous_13)
FNDA:0,(anonymous_14)
FNDA:0,(anonymous_15)
FNDA:0,(anonymous_16)
FNDA:0,(anonymous_17)
FNDA:0,(anonymous_18)
FNDA:0,(anonymous_19)
FNDA:0,(anonymous_20)
FNDA:0,(anonymous_21)
FNDA:0,(anonymous_22)
FNDA:0,(anonymous_23)
FNDA:0,(anonymous_24)
FNDA:0,(anonymous_25)
DA:7,0
DA:8,0
DA:9,0
DA:10,0
DA:11,0
DA:12,0
DA:15,0
DA:16,0
DA:18,0
DA:19,0
DA:20,0
DA:23,0
DA:24,0
DA:31,0
DA:32,0
DA:35,0
DA:36,0
DA:42,0
DA:43,0
DA:44,0
DA:52,0
DA:53,0
DA:54,0
DA:64,0
DA:65,0
DA:66,0
DA:72,0
DA:76,0
DA:78,0
DA:79,0
DA:82,0
DA:83,0
DA:85,0
DA:90,0
DA:91,0
DA:93,0
DA:94,0
DA:95,0
DA:98,0
DA:100,0
DA:102,0
DA:105,0
DA:106,0
DA:107,0
DA:108,0
DA:109,0
DA:111,0
DA:112,0
DA:113,0
DA:119,0
DA:122,0
DA:123,0
DA:124,0
DA:125,0
DA:128,0
DA:129,0
DA:133,0
DA:134,0
DA:137,0
DA:138,0
DA:139,0
DA:141,0
DA:145,0
DA:146,0
DA:147,0
DA:148,0
DA:149,0
DA:150,0
DA:152,0
DA:153,0
DA:156,0
DA:159,0
DA:160,0
DA:161,0
DA:164,0
DA:165,0
DA:166,0
DA:167,0
DA:170,0
DA:171,0
DA:172,0
DA:173,0
DA:176,0
DA:179,0
DA:180,0
DA:181,0
DA:182,0
DA:183,0
DA:189,0
DA:190,0
DA:191,0
DA:196,0
DA:197,0
DA:198,0
DA:199,0
DA:200,0
DA:202,0
DA:203,0
DA:205,0
DA:206,0
DA:207,0
DA:212,0
DA:213,0
DA:214,0
DA:215,0
DA:219,0
DA:220,0
DA:222,0
DA:225,0
DA:226,0
DA:227,0
DA:228,0
DA:230,0
DA:234,0
DA:235,0
DA:236,0
DA:237,0
DA:242,0
DA:243,0
DA:244,0
DA:249,0
DA:250,0
DA:252,0
DA:253,0
DA:255,0
DA:256,0
DA:259,0
DA:260,0
DA:264,0
DA:265,0
DA:266,0
DA:267,0
DA:272,0
DA:273,0
DA:274,0
DA:280,0
DA:281,0
DA:282,0
DA:283,0
DA:285,0
DA:286,0
DA:289,0
DA:290,0
DA:292,0
DA:297,0
LF:145
LH:0
BRDA:16,0,0,0
BRDA:16,0,1,0
BRDA:24,1,0,0
BRDA:24,1,1,0
BRDA:24,1,2,0
BRDA:24,1,3,0
BRDA:31,2,0,0
BRDA:31,2,1,0
BRDA:36,3,0,0
BRDA:36,3,1,0
BRDA:36,3,2,0
BRDA:36,3,3,0
BRDA:42,4,0,0
BRDA:42,4,1,0
BRDA:44,5,0,0
BRDA:44,5,1,0
BRDA:44,5,2,0
BRDA:44,5,3,0
BRDA:52,6,0,0
BRDA:52,6,1,0
BRDA:54,7,0,0
BRDA:54,7,1,0
BRDA:54,7,2,0
BRDA:54,7,3,0
BRDA:54,7,4,0
BRDA:64,8,0,0
BRDA:64,8,1,0
BRDA:66,9,0,0
BRDA:66,9,1,0
BRDA:66,9,2,0
BRDA:78,10,0,0
BRDA:78,10,1,0
BRDA:79,11,0,0
BRDA:79,11,1,0
BRDA:90,12,0,0
BRDA:91,13,0,0
BRDA:91,13,1,0
BRDA:91,14,0,0
BRDA:91,14,1,0
BRDA:93,15,0,0
BRDA:93,15,1,0
BRDA:93,16,0,0
BRDA:93,16,1,0
BRDA:108,17,0,0
BRDA:108,17,1,0
BRDA:123,18,0,0
BRDA:123,18,1,0
BRDA:123,19,0,0
BRDA:123,19,1,0
BRDA:128,20,0,0
BRDA:128,20,1,0
BRDA:133,21,0,0
BRDA:133,21,1,0
BRDA:137,22,0,0
BRDA:137,22,1,0
BRDA:141,23,0,0
BRDA:141,23,1,0
BRDA:145,24,0,0
BRDA:145,24,1,0
BRDA:146,25,0,0
BRDA:146,25,1,0
BRDA:147,26,0,0
BRDA:147,26,1,0
BRDA:148,27,0,0
BRDA:148,27,1,0
BRDA:149,28,0,0
BRDA:149,28,1,0
BRDA:150,29,0,0
BRDA:150,29,1,0
BRDA:152,30,0,0
BRDA:152,30,1,0
BRDA:153,31,0,0
BRDA:153,31,1,0
BRDA:156,32,0,0
BRDA:156,32,1,0
BRDA:180,33,0,0
BRDA:180,33,1,0
BRDA:185,34,0,0
BRDA:185,34,1,0
BRDA:198,35,0,0
BRDA:198,35,1,0
BRDA:213,36,0,0
BRDA:213,36,1,0
BRDA:219,37,0,0
BRDA:219,37,1,0
BRDA:222,38,0,0
BRDA:222,38,1,0
BRDA:235,39,0,0
BRDA:235,39,1,0
BRDA:235,40,0,0
BRDA:235,40,1,0
BRDA:243,41,0,0
BRDA:243,41,1,0
BRDA:243,42,0,0
BRDA:243,42,1,0
BRDA:252,43,0,0
BRDA:252,43,1,0
BRDA:259,44,0,0
BRDA:259,44,1,0
BRDA:265,45,0,0
BRDA:265,45,1,0
BRDA:265,46,0,0
BRDA:265,46,1,0
BRDA:273,47,0,0
BRDA:273,47,1,0
BRDA:282,48,0,0
BRDA:282,48,1,0
BRDA:285,49,0,0
BRDA:285,49,1,0
BRDA:285,50,0,0
BRDA:285,50,1,0
BRDA:306,51,0,0
BRDA:306,51,1,0
BRF:113
BRH:0
end_of_record
TN:
SF:src/hooks/useVoiceRecognition.js
FN:7,(anonymous_0)
FN:19,(anonymous_1)
FN:20,(anonymous_2)
FN:39,(anonymous_3)
FN:44,(anonymous_4)
FN:67,(anonymous_5)
FN:79,(anonymous_6)
FN:95,(anonymous_7)
FN:141,(anonymous_8)
FN:170,(anonymous_9)
FN:185,(anonymous_10)
FN:188,(anonymous_11)
FNF:12
FNH:0
FNDA:0,(anonymous_0)
FNDA:0,(anonymous_1)
FNDA:0,(anonymous_2)
FNDA:0,(anonymous_3)
FNDA:0,(anonymous_4)
FNDA:0,(anonymous_5)
FNDA:0,(anonymous_6)
FNDA:0,(anonymous_7)
FNDA:0,(anonymous_8)
FNDA:0,(anonymous_9)
FNDA:0,(anonymous_10)
FNDA:0,(anonymous_11)
DA:7,0
DA:13,0
DA:14,0
DA:15,0
DA:16,0
DA:19,0
DA:20,0
DA:21,0
DA:22,0
DA:24,0
DA:25,0
DA:29,0
DA:30,0
DA:31,0
DA:34,0
DA:35,0
DA:36,0
DA:37,0
DA:39,0
DA:40,0
DA:41,0
DA:44,0
DA:45,0
DA:46,0
DA:48,0
DA:49,0
DA:50,0
DA:52,0
DA:56,0
DA:57,0
DA:58,0
DA:59,0
DA:61,0
DA:62,0
DA:67,0
DA:68,0
DA:69,0
DA:70,0
DA:72,0
DA:73,0
DA:74,0
DA:78,0
DA:79,0
DA:80,0
DA:81,0
DA:82,0
DA:83,0
DA:84,0
DA:87,0
DA:95,0
DA:96,0
DA:97,0
DA:98,0
DA:100,0
DA:101,0
DA:102,0
DA:106,0
DA:108,0
DA:110,0
DA:111,0
DA:112,0
DA:114,0
DA:115,0
DA:117,0
DA:118,0
DA:119,0
DA:121,0
DA:123,0
DA:124,0
DA:126,0
DA:127,0
DA:129,0
DA:132,0
DA:133,0
DA:141,0
DA:142,0
DA:143,0
DA:144,0
DA:145,0
DA:147,0
DA:150,0
DA:151,0
DA:152,0
DA:153,0
DA:154,0
DA:156,0
DA:157,0
DA:158,0
DA:160,0
DA:164,0
DA:165,0
DA:168,0
DA:169,0
DA:170,0
DA:171,0
DA:172,0
DA:174,0
DA:175,0
DA:176,0
DA:185,0
DA:186,0
DA:188,0
DA:189,0
DA:191,0
DA:192,0
DA:196,0
DA:197,0
DA:198,0
DA:199,0
DA:200,0
DA:201,0
DA:202,0
DA:204,0
DA:210,0
LF:114
LH:0
BRDA:8,0,0,0
BRDA:9,1,0,0
BRDA:22,2,0,0
BRDA:22,2,1,0
BRDA:29,3,0,0
BRDA:29,3,1,0
BRDA:30,4,0,0
BRDA:30,4,1,0
BRDA:49,5,0,0
BRDA:49,5,1,0
BRDA:56,6,0,0
BRDA:56,6,1,0
BRDA:61,7,0,0
BRDA:61,7,1,0
BRDA:68,8,0,0
BRDA:68,8,1,0
BRDA:72,9,0,0
BRDA:72,9,1,0
BRDA:78,10,0,0
BRDA:78,10,1,0
BRDA:78,11,0,0
BRDA:78,11,1,0
BRDA:80,12,0,0
BRDA:80,12,1,0
BRDA:83,13,0,0
BRDA:83,13,1,0
BRDA:83,14,0,0
BRDA:83,14,1,0
BRDA:96,15,0,0
BRDA:96,15,1,0
BRDA:100,16,0,0
BRDA:100,16,1,0
BRDA:108,17,0,0
BRDA:108,17,1,0
BRDA:108,17,2,0
BRDA:108,17,3,0
BRDA:108,17,4,0
BRDA:108,17,5,0
BRDA:118,18,0,0
BRDA:118,18,1,0
BRDA:132,19,0,0
BRDA:132,19,1,0
BRDA:142,20,0,0
BRDA:142,20,1,0
BRDA:144,21,0,0
BRDA:144,21,1,0
BRDA:151,22,0,0
BRDA:151,22,1,0
BRDA:157,23,0,0
BRDA:157,23,1,0
BRDA:157,24,0,0
BRDA:157,24,1,0
BRDA:168,25,0,0
BRDA:168,25,1,0
BRDA:175,26,0,0
BRDA:175,26,1,0
BRDA:191,27,0,0
BRDA:191,27,1,0
BRDA:196,28,0,0
BRDA:196,28,1,0
BRDA:213,29,0,0
BRDA:213,29,1,0
BRF:62
BRH:0
end_of_record
TN:
SF:src/hooks/useWebSocket.js
FN:7,(anonymous_0)
FN:18,(anonymous_1)
FN:34,(anonymous_2)
FN:43,(anonymous_3)
FN:54,(anonymous_4)
FN:69,(anonymous_5)
FN:81,(anonymous_6)
FN:109,(anonymous_7)
FN:129,(anonymous_8)
FN:144,(anonymous_9)
FN:163,(anonymous_10)
FN:176,(anonymous_11)
FN:179,(anonymous_12)
FNF:13
FNH:0
FNDA:0,(anonymous_0)
FNDA:0,(anonymous_1)
FNDA:0,(anonymous_2)
FNDA:0,(anonymous_3)
FNDA:0,(anonymous_4)
FNDA:0,(anonymous_5)
FNDA:0,(anonymous_6)
FNDA:0,(anonymous_7)
FNDA:0,(anonymous_8)
FNDA:0,(anonymous_9)
FNDA:0,(anonymous_10)
FNDA:0,(anonymous_11)
FNDA:0,(anonymous_12)
DA:7,0
DA:8,0
DA:9,0
DA:10,0
DA:11,0
DA:12,0
DA:13,0
DA:14,0
DA:15,0
DA:18,0
DA:19,0
DA:20,0
DA:21,0
DA:24,0
DA:26,0
DA:27,0
DA:30,0
DA:31,0
DA:32,0
DA:34,0
DA:35,0
DA:36,0
DA:37,0
DA:38,0
DA:39,0
DA:43,0
DA:44,0
DA:45,0
DA:46,0
DA:47,0
DA:50,0
DA:51,0
DA:52,0
DA:54,0
DA:55,0
DA:56,0
DA:57,0
DA:61,0
DA:62,0
DA:63,0
DA:69,0
DA:70,0
DA:71,0
DA:72,0
DA:73,0
DA:75,0
DA:76,0
DA:81,0
DA:82,0
DA:83,0
DA:84,0
DA:85,0
DA:87,0
DA:88,0
DA:90,0
DA:91,0
DA:98,0
DA:99,0
DA:100,0
DA:102,0
DA:103,0
DA:109,0
DA:110,0
DA:111,0
DA:112,0
DA:113,0
DA:114,0
DA:116,0
DA:117,0
DA:118,0
DA:120,0
DA:123,0
DA:124,0
DA:129,0
DA:130,0
DA:133,0
DA:134,0
DA:135,0
DA:139,0
DA:140,0
DA:144,0
DA:145,0
DA:148,0
DA:149,0
DA:150,0
DA:154,0
DA:155,0
DA:158,0
DA:159,0
DA:163,0
DA:164,0
DA:166,0
DA:167,0
DA:168,0
DA:169,0
DA:170,0
DA:171,0
DA:176,0
DA:177,0
DA:179,0
DA:180,0
DA:183,0
DA:184,0
DA:188,0
DA:189,0
DA:194,0
LF:106
LH:0
BRDA:19,0,0,0
BRDA:19,0,1,0
BRDA:26,1,0,0
BRDA:26,1,1,0
BRDA:26,2,0,0
BRDA:26,2,1,0
BRDA:35,3,0,0
BRDA:35,3,1,0
BRDA:44,4,0,0
BRDA:44,4,1,0
BRDA:50,5,0,0
BRDA:50,5,1,0
BRDA:55,6,0,0
BRDA:55,6,1,0
BRDA:62,7,0,0
BRDA:62,7,1,0
BRDA:70,8,0,0
BRDA:70,8,1,0
BRDA:75,9,0,0
BRDA:75,9,1,0
BRDA:82,10,0,0
BRDA:82,10,1,0
BRDA:82,11,0,0
BRDA:82,11,1,0
BRDA:90,12,0,0
BRDA:90,12,1,0
BRDA:102,13,0,0
BRDA:102,13,1,0
BRDA:110,14,0,0
BRDA:110,14,1,0
BRDA:110,15,0,0
BRDA:110,15,1,0
BRDA:112,16,0,0
BRDA:112,16,1,0
BRDA:117,17,0,0
BRDA:117,17,1,0
BRDA:133,18,0,0
BRDA:133,18,1,0
BRDA:148,19,0,0
BRDA:148,19,1,0
BRDA:154,20,0,0
BRDA:154,20,1,0
BRDA:164,21,0,0
BRDA:164,21,1,0
BRDA:166,22,0,0
BRDA:166,22,1,0
BRDA:166,22,2,0
BRDA:166,22,3,0
BRDA:166,22,4,0
BRDA:183,23,0,0
BRDA:183,23,1,0
BRDA:188,24,0,0
BRDA:188,24,1,0
BRF:53
BRH:0
end_of_record
TN:
SF:src/performance/PerformanceReporter.js
FN:9,(anonymous_0)
FN:24,(anonymous_1)
FN:25,(anonymous_2)
FN:51,(anonymous_3)
FN:55,(anonymous_4)
FN:72,(anonymous_5)
FN:97,(anonymous_6)
FN:100,(anonymous_7)
FN:120,(anonymous_8)
FN:124,(anonymous_9)
FN:149,(anonymous_10)
FN:162,(anonymous_11)
FN:179,(anonymous_12)
FN:196,(anonymous_13)
FN:198,(anonymous_14)
FN:211,(anonymous_15)
FN:220,(anonymous_16)
FN:251,(anonymous_17)
FN:256,(anonymous_18)
FN:288,(anonymous_19)
FN:302,(anonymous_20)
FN:329,(anonymous_21)
FN:346,(anonymous_22)
FN:347,(anonymous_23)
FN:361,(anonymous_24)
FN:363,(anonymous_25)
FN:364,(anonymous_26)
FN:365,(anonymous_27)
FN:369,(anonymous_28)
FN:373,(anonymous_29)
FN:377,(anonymous_30)
FN:393,(anonymous_31)
FN:394,(anonymous_32)
FN:398,(anonymous_33)
FN:405,(anonymous_34)
FN:406,(anonymous_35)
FN:407,(anonymous_36)
FNF:37
FNH:0
FNDA:0,(anonymous_0)
FNDA:0,(anonymous_1)
FNDA:0,(anonymous_2)
FNDA:0,(anonymous_3)
FNDA:0,(anonymous_4)
FNDA:0,(anonymous_5)
FNDA:0,(anonymous_6)
FNDA:0,(anonymous_7)
FNDA:0,(anonymous_8)
FNDA:0,(anonymous_9)
FNDA:0,(anonymous_10)
FNDA:0,(anonymous_11)
FNDA:0,(anonymous_12)
FNDA:0,(anonymous_13)
FNDA:0,(anonymous_14)
FNDA:0,(anonymous_15)
FNDA:0,(anonymous_16)
FNDA:0,(anonymous_17)
FNDA:0,(anonymous_18)
FNDA:0,(anonymous_19)
FNDA:0,(anonymous_20)
FNDA:0,(anonymous_21)
FNDA:0,(anonymous_22)
FNDA:0,(anonymous_23)
FNDA:0,(anonymous_24)
FNDA:0,(anonymous_25)
FNDA:0,(anonymous_26)
FNDA:0,(anonymous_27)
FNDA:0,(anonymous_28)
FNDA:0,(anonymous_29)
FNDA:0,(anonymous_30)
FNDA:0,(anonymous_31)
FNDA:0,(anonymous_32)
FNDA:0,(anonymous_33)
FNDA:0,(anonymous_34)
FNDA:0,(anonymous_35)
FNDA:0,(anonymous_36)
DA:10,0
DA:11,0
DA:12,0
DA:15,0
DA:16,0
DA:17,0
DA:25,0
DA:26,0
DA:32,0
DA:35,0
DA:36,0
DA:41,0
DA:42,0
DA:43,0
DA:44,0
DA:45,0
DA:53,0
DA:54,0
DA:55,0
DA:56,0
DA:57,0
DA:58,0
DA:59,0
DA:64,0
DA:65,0
DA:67,0
DA:71,0
DA:72,0
DA:73,0
DA:74,0
DA:75,0
DA:80,0
DA:81,0
DA:83,0
DA:88,0
DA:91,0
DA:98,0
DA:100,0
DA:101,0
DA:102,0
DA:103,0
DA:104,0
DA:106,0
DA:108,0
DA:109,0
DA:113,0
DA:114,0
DA:121,0
DA:122,0
DA:124,0
DA:125,0
DA:126,0
DA:128,0
DA:129,0
DA:130,0
DA:132,0
DA:133,0
DA:136,0
DA:137,0
DA:140,0
DA:143,0
DA:150,0
DA:163,0
DA:164,0
DA:165,0
DA:167,0
DA:169,0
DA:170,0
DA:173,0
DA:180,0
DA:181,0
DA:182,0
DA:184,0
DA:186,0
DA:187,0
DA:190,0
DA:197,0
DA:199,0
DA:201,0
DA:202,0
DA:212,0
DA:220,0
DA:221,0
DA:222,0
DA:223,0
DA:229,0
DA:230,0
DA:236,0
DA:237,0
DA:238,0
DA:243,0
DA:245,0
DA:252,0
DA:253,0
DA:256,0
DA:257,0
DA:259,0
DA:260,0
DA:262,0
DA:263,0
DA:270,0
DA:271,0
DA:272,0
DA:273,0
DA:276,0
DA:277,0
DA:278,0
DA:279,0
DA:282,0
DA:289,0
DA:296,0
DA:303,0
DA:312,0
DA:313,0
DA:316,0
DA:317,0
DA:323,0
DA:330,0
DA:333,0
DA:334,0
DA:335,0
DA:336,0
DA:337,0
DA:338,0
DA:339,0
DA:340,0
DA:347,0
DA:348,0
DA:349,0
DA:351,0
DA:354,0
DA:355,0
DA:362,0
DA:363,0
DA:364,0
DA:366,0
DA:367,0
DA:370,0
DA:371,0
DA:374,0
DA:375,0
DA:377,0
DA:383,0
DA:386,0
DA:387,0
DA:388,0
DA:389,0
DA:393,0
DA:394,0
DA:395,0
DA:398,0
DA:399,0
DA:402,0
DA:405,0
DA:406,0
DA:407,0
LF:156
LH:0
BRDA:12,0,0,0
BRDA:12,0,1,0
BRDA:15,1,0,0
BRDA:15,1,1,0
BRDA:35,2,0,0
BRDA:35,2,1,0
BRDA:53,3,0,0
BRDA:53,3,1,0
BRDA:57,4,0,0
BRDA:57,4,1,0
BRDA:74,5,0,0
BRDA:74,5,1,0
BRDA:98,6,0,0
BRDA:98,6,1,0
BRDA:108,7,0,0
BRDA:108,7,1,0
BRDA:128,8,0,0
BRDA:128,8,1,0
BRDA:132,9,0,0
BRDA:132,9,1,0
BRDA:149,10,0,0
BRDA:169,11,0,0
BRDA:169,11,1,0
BRDA:186,12,0,0
BRDA:186,12,1,0
BRDA:201,13,0,0
BRDA:201,13,1,0
BRDA:221,14,0,0
BRDA:221,14,1,0
BRDA:229,15,0,0
BRDA:229,15,1,0
BRDA:237,16,0,0
BRDA:237,16,1,0
BRDA:257,17,0,0
BRDA:257,17,1,0
BRDA:257,17,2,0
BRDA:270,18,0,0
BRDA:270,18,1,0
BRDA:272,19,0,0
BRDA:272,19,1,0
BRDA:273,20,0,0
BRDA:273,20,1,0
BRDA:276,21,0,0
BRDA:276,21,1,0
BRDA:278,22,0,0
BRDA:278,22,1,0
BRDA:279,23,0,0
BRDA:279,23,1,0
BRDA:296,24,0,0
BRDA:296,24,1,0
BRDA:316,25,0,0
BRDA:316,25,1,0
BRDA:386,26,0,0
BRDA:386,26,1,0
BRF:54
BRH:0
end_of_record
TN:
SF:src/utils/errorBoundary.js
FN:4,(anonymous_0)
FN:9,(anonymous_1)
FN:14,(anonymous_2)
FN:27,(anonymous_3)
FN:41,(anonymous_4)
FN:48,(anonymous_5)
FNF:6
FNH:4
FNDA:4,(anonymous_0)
FNDA:2,(anonymous_1)
FNDA:1,(anonymous_2)
FNDA:6,(anonymous_3)
FNDA:0,(anonymous_4)
FNDA:0,(anonymous_5)
DA:5,4
DA:6,3
DA:11,2
DA:16,1
DA:21,1
DA:28,6
DA:30,3
DA:41,0
DA:48,0
DA:197,3
LF:10
LH:8
BRDA:28,0,0,3
BRDA:28,0,1,3
BRDA:54,1,0,3
BRDA:54,1,1,0
BRDA:59,2,0,0
BRDA:59,2,1,0
BRDA:62,3,0,0
BRDA:62,3,1,0
BRF:8
BRH:3
end_of_record
TN:
SF:src/utils/performanceOptimizer.js
FN:12,(anonymous_0)
FN:17,(anonymous_1)
FN:23,(anonymous_2)
FN:29,(anonymous_3)
FN:34,(anonymous_4)
FN:50,(anonymous_5)
FN:55,(anonymous_6)
FN:64,(anonymous_7)
FN:78,(anonymous_8)
FN:90,(anonymous_9)
FN:108,(anonymous_10)
FN:126,(anonymous_11)
FN:137,(anonymous_12)
FN:148,(anonymous_13)
FN:150,(anonymous_14)
FN:158,(anonymous_15)
FN:167,(anonymous_16)
FN:172,(anonymous_17)
FN:199,(anonymous_18)
FN:221,(anonymous_19)
FN:252,(anonymous_20)
FN:261,(anonymous_21)
FN:276,(anonymous_22)
FN:304,(anonymous_23)
FN:305,(anonymous_24)
FN:308,(anonymous_25)
FN:323,(anonymous_26)
FN:342,(anonymous_27)
FN:373,(anonymous_28)
FN:381,(anonymous_29)
FN:404,(anonymous_30)
FN:415,(anonymous_31)
FN:440,(anonymous_32)
FN:453,(anonymous_33)
FN:464,(anonymous_34)
FN:471,(anonymous_35)
FNF:36
FNH:0
FNDA:0,(anonymous_0)
FNDA:0,(anonymous_1)
FNDA:0,(anonymous_2)
FNDA:0,(anonymous_3)
FNDA:0,(anonymous_4)
FNDA:0,(anonymous_5)
FNDA:0,(anonymous_6)
FNDA:0,(anonymous_7)
FNDA:0,(anonymous_8)
FNDA:0,(anonymous_9)
FNDA:0,(anonymous_10)
FNDA:0,(anonymous_11)
FNDA:0,(anonymous_12)
FNDA:0,(anonymous_13)
FNDA:0,(anonymous_14)
FNDA:0,(anonymous_15)
FNDA:0,(anonymous_16)
FNDA:0,(anonymous_17)
FNDA:0,(anonymous_18)
FNDA:0,(anonymous_19)
FNDA:0,(anonymous_20)
FNDA:0,(anonymous_21)
FNDA:0,(anonymous_22)
FNDA:0,(anonymous_23)
FNDA:0,(anonymous_24)
FNDA:0,(anonymous_25)
FNDA:0,(anonymous_26)
FNDA:0,(anonymous_27)
FNDA:0,(anonymous_28)
FNDA:0,(anonymous_29)
FNDA:0,(anonymous_30)
FNDA:0,(anonymous_31)
FNDA:0,(anonymous_32)
FNDA:0,(anonymous_33)
FNDA:0,(anonymous_34)
FNDA:0,(anonymous_35)
DA:12,0
DA:17,0
DA:18,0
DA:19,0
DA:21,0
DA:23,0
DA:24,0
DA:29,0
DA:30,0
DA:34,0
DA:35,0
DA:36,0
DA:37,0
DA:41,0
DA:50,0
DA:55,0
DA:56,0
DA:58,0
DA:59,0
DA:60,0
DA:61,0
DA:63,0
DA:64,0
DA:65,0
DA:66,0
DA:67,0
DA:79,0
DA:80,0
DA:81,0
DA:82,0
DA:91,0
DA:92,0
DA:94,0
DA:95,0
DA:96,0
DA:98,0
DA:100,0
DA:110,0
DA:111,0
DA:112,0
DA:116,0
DA:122,0
DA:123,0
DA:126,0
DA:127,0
DA:130,0
DA:138,0
DA:139,0
DA:140,0
DA:141,0
DA:149,0
DA:150,0
DA:151,0
DA:159,0
DA:169,0
DA:173,0
DA:174,0
DA:176,0
DA:177,0
DA:178,0
DA:179,0
DA:183,0
DA:190,0
DA:199,0
DA:200,0
DA:203,0
DA:204,0
DA:205,0
DA:209,0
DA:210,0
DA:212,0
DA:221,0
DA:228,0
DA:231,0
DA:232,0
DA:237,0
DA:239,0
DA:240,0
DA:241,0
DA:242,0
DA:245,0
DA:253,0
DA:262,0
DA:263,0
DA:277,0
DA:278,0
DA:280,0
DA:281,0
DA:282,0
DA:285,0
DA:286,0
DA:289,0
DA:290,0
DA:291,0
DA:292,0
DA:295,0
DA:305,0
DA:306,0
DA:308,0
DA:309,0
DA:310,0
DA:311,0
DA:312,0
DA:315,0
DA:324,0
DA:334,0
DA:342,0
DA:343,0
DA:345,0
DA:346,0
DA:348,0
DA:349,0
DA:350,0
DA:354,0
DA:358,0
DA:359,0
DA:361,0
DA:373,0
DA:374,0
DA:375,0
DA:376,0
DA:381,0
DA:391,0
DA:405,0
DA:416,0
DA:419,0
DA:424,0
DA:426,0
DA:441,0
DA:442,0
DA:444,0
DA:445,0
DA:446,0
DA:454,0
DA:455,0
DA:457,0
DA:465,0
DA:472,0
DA:473,0
DA:474,0
DA:475,0
DA:477,0
DA:479,0
DA:486,0
LF:144
LH:0
BRDA:12,0,0,0
BRDA:36,1,0,0
BRDA:36,1,1,0
BRDA:50,2,0,0
BRDA:58,3,0,0
BRDA:58,3,1,0
BRDA:65,4,0,0
BRDA:65,4,1,0
BRDA:78,5,0,0
BRDA:78,6,0,0
BRDA:92,7,0,0
BRDA:92,7,1,0
BRDA:94,8,0,0
BRDA:94,8,1,0
BRDA:110,9,0,0
BRDA:110,9,1,0
BRDA:110,10,0,0
BRDA:110,10,1,0
BRDA:122,11,0,0
BRDA:122,11,1,0
BRDA:139,12,0,0
BRDA:139,12,1,0
BRDA:169,13,0,0
BRDA:169,13,1,0
BRDA:177,14,0,0
BRDA:177,14,1,0
BRDA:200,15,0,0
BRDA:200,15,1,0
BRDA:204,16,0,0
BRDA:204,16,1,0
BRDA:221,17,0,0
BRDA:225,18,0,0
BRDA:226,19,0,0
BRDA:227,20,0,0
BRDA:231,21,0,0
BRDA:231,21,1,0
BRDA:239,22,0,0
BRDA:239,22,1,0
BRDA:240,23,0,0
BRDA:240,23,1,0
BRDA:241,24,0,0
BRDA:241,24,1,0
BRDA:242,25,0,0
BRDA:242,25,1,0
BRDA:245,26,0,0
BRDA:245,26,1,0
BRDA:261,27,0,0
BRDA:276,28,0,0
BRDA:280,29,0,0
BRDA:280,29,1,0
BRDA:289,30,0,0
BRDA:289,30,1,0
BRDA:291,31,0,0
BRDA:291,31,1,0
BRDA:304,32,0,0
BRDA:343,33,0,0
BRDA:343,33,1,0
BRDA:349,34,0,0
BRDA:349,34,1,0
BRDA:358,35,0,0
BRDA:358,35,1,0
BRDA:373,36,0,0
BRDA:415,37,0,0
BRDA:416,38,0,0
BRDA:416,38,1,0
BRDA:441,39,0,0
BRDA:441,39,1,0
BRDA:444,40,0,0
BRDA:444,40,1,0
BRDA:474,41,0,0
BRDA:474,41,1,0
BRF:71
BRH:0
end_of_record
